{"E:\\Workspace\\Hunet-App\\App.js": {"path":"E:\\Workspace\\Hunet-App\\App.js","statementMap":{"0":{"start":{"line":25,"column":0},"end":{"line":29,"column":3}},"1":{"start":{"line":31,"column":12},"end":{"line":81,"column":1}},"2":{"start":{"line":33,"column":4},"end":{"line":33,"column":71}},"3":{"start":{"line":34,"column":19},"end":{"line":36,"column":4}},"4":{"start":{"line":37,"column":19},"end":{"line":45,"column":4}},"5":{"start":{"line":38,"column":18},"end":{"line":38,"column":34}},"6":{"start":{"line":39,"column":4},"end":{"line":44,"column":6}},"7":{"start":{"line":47,"column":20},"end":{"line":70,"column":4}},"8":{"start":{"line":48,"column":4},"end":{"line":63,"column":9}},"9":{"start":{"line":49,"column":6},"end":{"line":63,"column":9}},"10":{"start":{"line":50,"column":8},"end":{"line":59,"column":9}},"11":{"start":{"line":51,"column":10},"end":{"line":58,"column":24}},"12":{"start":{"line":60,"column":8},"end":{"line":62,"column":10}},"13":{"start":{"line":64,"column":4},"end":{"line":69,"column":5}},"14":{"start":{"line":65,"column":6},"end":{"line":67,"column":7}},"15":{"start":{"line":68,"column":6},"end":{"line":68,"column":54}},"16":{"start":{"line":71,"column":17},"end":{"line":74,"column":4}},"17":{"start":{"line":76,"column":2},"end":{"line":80,"column":4}}},"fnMap":{"0":{"name":"(anonymous_0)","decl":{"start":{"line":31,"column":12},"end":{"line":31,"column":13}},"loc":{"start":{"line":31,"column":32},"end":{"line":81,"column":1}},"line":31},"1":{"name":"(anonymous_1)","decl":{"start":{"line":37,"column":30},"end":{"line":37,"column":31}},"loc":{"start":{"line":37,"column":58},"end":{"line":45,"column":3}},"line":37},"2":{"name":"(anonymous_2)","decl":{"start":{"line":47,"column":28},"end":{"line":47,"column":29}},"loc":{"start":{"line":47,"column":65},"end":{"line":70,"column":3}},"line":47},"3":{"name":"(anonymous_3)","decl":{"start":{"line":49,"column":24},"end":{"line":49,"column":25}},"loc":{"start":{"line":49,"column":58},"end":{"line":63,"column":7}},"line":49}},"branchMap":{"0":{"loc":{"start":{"line":42,"column":23},"end":{"line":42,"column":55}},"type":"cond-expr","locations":[{"start":{"line":42,"column":31},"end":{"line":42,"column":48}},{"start":{"line":42,"column":51},"end":{"line":42,"column":55}}],"line":42},"1":{"loc":{"start":{"line":48,"column":4},"end":{"line":63,"column":9}},"type":"if","locations":[{"start":{"line":48,"column":4},"end":{"line":63,"column":9}},{"start":{"line":48,"column":4},"end":{"line":63,"column":9}}],"line":48},"2":{"loc":{"start":{"line":50,"column":8},"end":{"line":59,"column":9}},"type":"if","locations":[{"start":{"line":50,"column":8},"end":{"line":59,"column":9}},{"start":{"line":50,"column":8},"end":{"line":59,"column":9}}],"line":50},"3":{"loc":{"start":{"line":64,"column":4},"end":{"line":69,"column":5}},"type":"if","locations":[{"start":{"line":64,"column":4},"end":{"line":69,"column":5}},{"start":{"line":64,"column":4},"end":{"line":69,"column":5}}],"line":64},"4":{"loc":{"start":{"line":65,"column":6},"end":{"line":67,"column":7}},"type":"if","locations":[{"start":{"line":65,"column":6},"end":{"line":67,"column":7}},{"start":{"line":65,"column":6},"end":{"line":67,"column":7}}],"line":65}},"s":{"0":0,"1":0,"2":0,"3":0,"4":0,"5":0,"6":0,"7":0,"8":0,"9":0,"10":0,"11":0,"12":0,"13":0,"14":0,"15":0,"16":0,"17":0},"f":{"0":0,"1":0,"2":0,"3":0},"b":{"0":[0,0],"1":[0,0],"2":[0,0],"3":[0,0],"4":[0,0]}}
,"E:\\Workspace\\Hunet-App\\src\\Util\\index.js": {"path":"E:\\Workspace\\Hunet-App\\src\\Util\\index.js","statementMap":{"0":{"start":{"line":4,"column":19},"end":{"line":4,"column":31}},"1":{"start":{"line":5,"column":13},"end":{"line":5,"column":19}},"2":{"start":{"line":10,"column":24},"end":{"line":13,"column":1}},"3":{"start":{"line":11,"column":2},"end":{"line":11,"column":49}},"4":{"start":{"line":12,"column":2},"end":{"line":12,"column":15}},"5":{"start":{"line":15,"column":22},"end":{"line":18,"column":1}},"6":{"start":{"line":16,"column":2},"end":{"line":16,"column":19}},"7":{"start":{"line":17,"column":2},"end":{"line":17,"column":52}},"8":{"start":{"line":20,"column":23},"end":{"line":23,"column":1}},"9":{"start":{"line":21,"column":2},"end":{"line":21,"column":20}},"10":{"start":{"line":22,"column":2},"end":{"line":22,"column":30}},"11":{"start":{"line":25,"column":24},"end":{"line":28,"column":1}},"12":{"start":{"line":26,"column":2},"end":{"line":26,"column":33}},"13":{"start":{"line":27,"column":2},"end":{"line":27,"column":61}},"14":{"start":{"line":30,"column":23},"end":{"line":38,"column":1}},"15":{"start":{"line":31,"column":2},"end":{"line":34,"column":3}},"16":{"start":{"line":32,"column":14},"end":{"line":32,"column":30}},"17":{"start":{"line":33,"column":4},"end":{"line":33,"column":32}},"18":{"start":{"line":35,"column":2},"end":{"line":35,"column":42}},"19":{"start":{"line":36,"column":12},"end":{"line":36,"column":28}},"20":{"start":{"line":37,"column":2},"end":{"line":37,"column":13}},"21":{"start":{"line":39,"column":50},"end":{"line":46,"column":1}},"22":{"start":{"line":40,"column":21},"end":{"line":40,"column":51}},"23":{"start":{"line":41,"column":2},"end":{"line":44,"column":3}},"24":{"start":{"line":41,"column":15},"end":{"line":41,"column":16}},"25":{"start":{"line":42,"column":5},"end":{"line":43,"column":34}},"26":{"start":{"line":45,"column":2},"end":{"line":45,"column":32}}},"fnMap":{"0":{"name":"(anonymous_0)","decl":{"start":{"line":10,"column":24},"end":{"line":10,"column":25}},"loc":{"start":{"line":10,"column":36},"end":{"line":13,"column":1}},"line":10},"1":{"name":"(anonymous_1)","decl":{"start":{"line":15,"column":22},"end":{"line":15,"column":23}},"loc":{"start":{"line":15,"column":36},"end":{"line":18,"column":1}},"line":15},"2":{"name":"(anonymous_2)","decl":{"start":{"line":20,"column":23},"end":{"line":20,"column":24}},"loc":{"start":{"line":20,"column":29},"end":{"line":23,"column":1}},"line":20},"3":{"name":"(anonymous_3)","decl":{"start":{"line":25,"column":24},"end":{"line":25,"column":25}},"loc":{"start":{"line":25,"column":37},"end":{"line":28,"column":1}},"line":25},"4":{"name":"(anonymous_4)","decl":{"start":{"line":30,"column":23},"end":{"line":30,"column":24}},"loc":{"start":{"line":30,"column":35},"end":{"line":38,"column":1}},"line":30},"5":{"name":"(anonymous_5)","decl":{"start":{"line":39,"column":50},"end":{"line":39,"column":51}},"loc":{"start":{"line":39,"column":61},"end":{"line":46,"column":1}},"line":39}},"branchMap":{"0":{"loc":{"start":{"line":31,"column":2},"end":{"line":34,"column":3}},"type":"if","locations":[{"start":{"line":31,"column":2},"end":{"line":34,"column":3}},{"start":{"line":31,"column":2},"end":{"line":34,"column":3}}],"line":31}},"s":{"0":0,"1":0,"2":0,"3":0,"4":0,"5":0,"6":0,"7":0,"8":0,"9":0,"10":0,"11":0,"12":0,"13":0,"14":0,"15":0,"16":0,"17":0,"18":0,"19":0,"20":0,"21":0,"22":0,"23":0,"24":0,"25":0,"26":0},"f":{"0":0,"1":0,"2":0,"3":0,"4":0,"5":0},"b":{"0":[0,0]}}
,"E:\\Workspace\\Hunet-App\\src\\components\\AppointmentCard.js": {"path":"E:\\Workspace\\Hunet-App\\src\\components\\AppointmentCard.js","statementMap":{"0":{"start":{"line":18,"column":26},"end":{"line":18,"column":50}},"1":{"start":{"line":20,"column":21},"end":{"line":20,"column":30}},"2":{"start":{"line":31,"column":8},"end":{"line":31,"column":18}},"3":{"start":{"line":32,"column":4},"end":{"line":64,"column":6}},"4":{"start":{"line":38,"column":10},"end":{"line":46,"column":12}},"5":{"start":{"line":68,"column":0},"end":{"line":74,"column":2}},"6":{"start":{"line":76,"column":15},"end":{"line":76,"column":36}}},"fnMap":{"0":{"name":"(anonymous_0)","decl":{"start":{"line":22,"column":2},"end":{"line":22,"column":3}},"loc":{"start":{"line":22,"column":11},"end":{"line":65,"column":3}},"line":22},"1":{"name":"(anonymous_1)","decl":{"start":{"line":37,"column":17},"end":{"line":37,"column":18}},"loc":{"start":{"line":38,"column":10},"end":{"line":46,"column":12}},"line":38}},"branchMap":{"0":{"loc":{"start":{"line":30,"column":6},"end":{"line":30,"column":16}},"type":"default-arg","locations":[{"start":{"line":30,"column":14},"end":{"line":30,"column":16}}],"line":30}},"s":{"0":0,"1":0,"2":0,"3":0,"4":0,"5":0,"6":0},"f":{"0":0,"1":0},"b":{"0":[0]}}
,"E:\\Workspace\\Hunet-App\\src\\components\\Button.js": {"path":"E:\\Workspace\\Hunet-App\\src\\components\\Button.js","statementMap":{"0":{"start":{"line":10,"column":68},"end":{"line":10,"column":78}},"1":{"start":{"line":12,"column":23},"end":{"line":12,"column":70}},"2":{"start":{"line":14,"column":25},"end":{"line":19,"column":5}},"3":{"start":{"line":21,"column":4},"end":{"line":30,"column":6}},"4":{"start":{"line":34,"column":0},"end":{"line":41,"column":1}},"5":{"start":{"line":43,"column":15},"end":{"line":55,"column":2}}},"fnMap":{"0":{"name":"(anonymous_0)","decl":{"start":{"line":9,"column":2},"end":{"line":9,"column":3}},"loc":{"start":{"line":9,"column":11},"end":{"line":31,"column":3}},"line":9}},"branchMap":{"0":{"loc":{"start":{"line":12,"column":23},"end":{"line":12,"column":70}},"type":"binary-expr","locations":[{"start":{"line":12,"column":23},"end":{"line":12,"column":28}},{"start":{"line":12,"column":32},"end":{"line":12,"column":70}}],"line":12},"1":{"loc":{"start":{"line":15,"column":6},"end":{"line":15,"column":33}},"type":"binary-expr","locations":[{"start":{"line":15,"column":6},"end":{"line":15,"column":11}},{"start":{"line":15,"column":15},"end":{"line":15,"column":33}}],"line":15},"2":{"loc":{"start":{"line":16,"column":6},"end":{"line":16,"column":46}},"type":"binary-expr","locations":[{"start":{"line":16,"column":6},"end":{"line":16,"column":11}},{"start":{"line":16,"column":15},"end":{"line":16,"column":46}}],"line":16},"3":{"loc":{"start":{"line":17,"column":6},"end":{"line":17,"column":34}},"type":"binary-expr","locations":[{"start":{"line":17,"column":6},"end":{"line":17,"column":17}},{"start":{"line":17,"column":21},"end":{"line":17,"column":34}}],"line":17}},"s":{"0":0,"1":0,"2":0,"3":0,"4":0,"5":0},"f":{"0":0},"b":{"0":[0,0],"1":[0,0],"2":[0,0],"3":[0,0]}}
,"E:\\Workspace\\Hunet-App\\src\\components\\Card.js": {"path":"E:\\Workspace\\Hunet-App\\src\\components\\Card.js","statementMap":{"0":{"start":{"line":13,"column":101},"end":{"line":13,"column":111}},"1":{"start":{"line":15,"column":24},"end":{"line":18,"column":5}},"2":{"start":{"line":19,"column":26},"end":{"line":19,"column":61}},"3":{"start":{"line":20,"column":25},"end":{"line":23,"column":5}},"4":{"start":{"line":25,"column":4},"end":{"line":40,"column":6}},"5":{"start":{"line":27,"column":49},"end":{"line":27,"column":75}},"6":{"start":{"line":32,"column":49},"end":{"line":32,"column":75}},"7":{"start":{"line":44,"column":0},"end":{"line":50,"column":1}},"8":{"start":{"line":52,"column":15},"end":{"line":107,"column":2}}},"fnMap":{"0":{"name":"(anonymous_0)","decl":{"start":{"line":12,"column":2},"end":{"line":12,"column":3}},"loc":{"start":{"line":12,"column":11},"end":{"line":41,"column":3}},"line":12},"1":{"name":"(anonymous_1)","decl":{"start":{"line":27,"column":43},"end":{"line":27,"column":44}},"loc":{"start":{"line":27,"column":49},"end":{"line":27,"column":75}},"line":27},"2":{"name":"(anonymous_2)","decl":{"start":{"line":32,"column":43},"end":{"line":32,"column":44}},"loc":{"start":{"line":32,"column":49},"end":{"line":32,"column":75}},"line":32}},"branchMap":{"0":{"loc":{"start":{"line":13,"column":77},"end":{"line":13,"column":97}},"type":"default-arg","locations":[{"start":{"line":13,"column":85},"end":{"line":13,"column":97}}],"line":13},"1":{"loc":{"start":{"line":16,"column":6},"end":{"line":16,"column":54}},"type":"cond-expr","locations":[{"start":{"line":16,"column":13},"end":{"line":16,"column":29}},{"start":{"line":16,"column":32},"end":{"line":16,"column":54}}],"line":16},"2":{"loc":{"start":{"line":21,"column":6},"end":{"line":21,"column":66}},"type":"cond-expr","locations":[{"start":{"line":21,"column":19},"end":{"line":21,"column":42}},{"start":{"line":21,"column":45},"end":{"line":21,"column":66}}],"line":21},"3":{"loc":{"start":{"line":35,"column":81},"end":{"line":35,"column":117}},"type":"binary-expr","locations":[{"start":{"line":35,"column":81},"end":{"line":35,"column":89}},{"start":{"line":35,"column":93},"end":{"line":35,"column":117}}],"line":35},"4":{"loc":{"start":{"line":36,"column":53},"end":{"line":36,"column":89}},"type":"binary-expr","locations":[{"start":{"line":36,"column":53},"end":{"line":36,"column":61}},{"start":{"line":36,"column":65},"end":{"line":36,"column":89}}],"line":36}},"s":{"0":0,"1":0,"2":0,"3":0,"4":0,"5":0,"6":0,"7":0,"8":0},"f":{"0":0,"1":0,"2":0},"b":{"0":[0],"1":[0,0],"2":[0,0],"3":[0,0],"4":[0,0]}}
,"E:\\Workspace\\Hunet-App\\src\\components\\DrawerItem.js": {"path":"E:\\Workspace\\Hunet-App\\src\\components\\DrawerItem.js","statementMap":{"0":{"start":{"line":9,"column":15},"end":{"line":70,"column":3}},"1":{"start":{"line":10,"column":31},"end":{"line":10,"column":41}},"2":{"start":{"line":12,"column":4},"end":{"line":69,"column":5}},"3":{"start":{"line":14,"column":8},"end":{"line":21,"column":10}},"4":{"start":{"line":23,"column":8},"end":{"line":30,"column":10}},"5":{"start":{"line":32,"column":8},"end":{"line":39,"column":10}},"6":{"start":{"line":41,"column":8},"end":{"line":48,"column":10}},"7":{"start":{"line":50,"column":8},"end":{"line":57,"column":10}},"8":{"start":{"line":59,"column":8},"end":{"line":64,"column":12}},"9":{"start":{"line":66,"column":8},"end":{"line":66,"column":24}},"10":{"start":{"line":68,"column":8},"end":{"line":68,"column":20}},"11":{"start":{"line":73,"column":43},"end":{"line":73,"column":53}},"12":{"start":{"line":75,"column":28},"end":{"line":78,"column":5}},"13":{"start":{"line":80,"column":4},"end":{"line":106,"column":6}},"14":{"start":{"line":84,"column":10},"end":{"line":88,"column":40}},"15":{"start":{"line":87,"column":29},"end":{"line":87,"column":68}},"16":{"start":{"line":110,"column":15},"end":{"line":128,"column":2}}},"fnMap":{"0":{"name":"(anonymous_0)","decl":{"start":{"line":9,"column":15},"end":{"line":9,"column":16}},"loc":{"start":{"line":9,"column":21},"end":{"line":70,"column":3}},"line":9},"1":{"name":"(anonymous_1)","decl":{"start":{"line":72,"column":2},"end":{"line":72,"column":3}},"loc":{"start":{"line":72,"column":11},"end":{"line":107,"column":3}},"line":72},"2":{"name":"(anonymous_2)","decl":{"start":{"line":83,"column":17},"end":{"line":83,"column":18}},"loc":{"start":{"line":84,"column":10},"end":{"line":88,"column":40}},"line":84},"3":{"name":"(anonymous_3)","decl":{"start":{"line":87,"column":22},"end":{"line":87,"column":23}},"loc":{"start":{"line":87,"column":29},"end":{"line":87,"column":68}},"line":87}},"branchMap":{"0":{"loc":{"start":{"line":12,"column":4},"end":{"line":69,"column":5}},"type":"switch","locations":[{"start":{"line":13,"column":6},"end":{"line":21,"column":10}},{"start":{"line":22,"column":6},"end":{"line":30,"column":10}},{"start":{"line":31,"column":6},"end":{"line":39,"column":10}},{"start":{"line":40,"column":6},"end":{"line":48,"column":10}},{"start":{"line":49,"column":6},"end":{"line":57,"column":10}},{"start":{"line":58,"column":6},"end":{"line":64,"column":12}},{"start":{"line":65,"column":6},"end":{"line":66,"column":24}},{"start":{"line":67,"column":6},"end":{"line":68,"column":20}}],"line":12},"1":{"loc":{"start":{"line":19,"column":19},"end":{"line":19,"column":64}},"type":"cond-expr","locations":[{"start":{"line":19,"column":29},"end":{"line":19,"column":36}},{"start":{"line":19,"column":39},"end":{"line":19,"column":64}}],"line":19},"2":{"loc":{"start":{"line":28,"column":19},"end":{"line":28,"column":62}},"type":"cond-expr","locations":[{"start":{"line":28,"column":29},"end":{"line":28,"column":36}},{"start":{"line":28,"column":39},"end":{"line":28,"column":62}}],"line":28},"3":{"loc":{"start":{"line":37,"column":19},"end":{"line":37,"column":64}},"type":"cond-expr","locations":[{"start":{"line":37,"column":29},"end":{"line":37,"column":36}},{"start":{"line":37,"column":39},"end":{"line":37,"column":64}}],"line":37},"4":{"loc":{"start":{"line":46,"column":19},"end":{"line":46,"column":64}},"type":"cond-expr","locations":[{"start":{"line":46,"column":29},"end":{"line":46,"column":36}},{"start":{"line":46,"column":39},"end":{"line":46,"column":64}}],"line":46},"5":{"loc":{"start":{"line":55,"column":19},"end":{"line":55,"column":61}},"type":"cond-expr","locations":[{"start":{"line":55,"column":29},"end":{"line":55,"column":36}},{"start":{"line":55,"column":39},"end":{"line":55,"column":61}}],"line":55},"6":{"loc":{"start":{"line":63,"column":17},"end":{"line":63,"column":54}},"type":"cond-expr","locations":[{"start":{"line":63,"column":27},"end":{"line":63,"column":34}},{"start":{"line":63,"column":37},"end":{"line":63,"column":54}}],"line":63},"7":{"loc":{"start":{"line":77,"column":6},"end":{"line":77,"column":58}},"type":"cond-expr","locations":[{"start":{"line":77,"column":16},"end":{"line":77,"column":51}},{"start":{"line":77,"column":54},"end":{"line":77,"column":58}}],"line":77},"8":{"loc":{"start":{"line":84,"column":10},"end":{"line":88,"column":40}},"type":"cond-expr","locations":[{"start":{"line":85,"column":14},"end":{"line":87,"column":69}},{"start":{"line":88,"column":14},"end":{"line":88,"column":40}}],"line":84},"9":{"loc":{"start":{"line":98,"column":20},"end":{"line":98,"column":42}},"type":"cond-expr","locations":[{"start":{"line":98,"column":30},"end":{"line":98,"column":34}},{"start":{"line":98,"column":37},"end":{"line":98,"column":42}}],"line":98},"10":{"loc":{"start":{"line":99,"column":21},"end":{"line":99,"column":58}},"type":"cond-expr","locations":[{"start":{"line":99,"column":31},"end":{"line":99,"column":38}},{"start":{"line":99,"column":41},"end":{"line":99,"column":58}}],"line":99}},"s":{"0":0,"1":0,"2":0,"3":0,"4":0,"5":0,"6":0,"7":0,"8":0,"9":0,"10":0,"11":0,"12":0,"13":0,"14":0,"15":0,"16":0},"f":{"0":0,"1":0,"2":0,"3":0},"b":{"0":[0,0,0,0,0,0,0,0],"1":[0,0],"2":[0,0],"3":[0,0],"4":[0,0],"5":[0,0],"6":[0,0],"7":[0,0],"8":[0,0],"9":[0,0],"10":[0,0]}}
,"E:\\Workspace\\Hunet-App\\src\\components\\ExaminationDetailRow.js": {"path":"E:\\Workspace\\Hunet-App\\src\\components\\ExaminationDetailRow.js","statementMap":{"0":{"start":{"line":18,"column":26},"end":{"line":18,"column":50}},"1":{"start":{"line":20,"column":21},"end":{"line":20,"column":30}},"2":{"start":{"line":35,"column":8},"end":{"line":35,"column":18}},"3":{"start":{"line":36,"column":4},"end":{"line":64,"column":6}},"4":{"start":{"line":42,"column":10},"end":{"line":42,"column":27}},"5":{"start":{"line":42,"column":20},"end":{"line":42,"column":27}},"6":{"start":{"line":68,"column":0},"end":{"line":74,"column":2}},"7":{"start":{"line":76,"column":15},"end":{"line":76,"column":36}}},"fnMap":{"0":{"name":"(anonymous_0)","decl":{"start":{"line":22,"column":2},"end":{"line":22,"column":3}},"loc":{"start":{"line":22,"column":11},"end":{"line":65,"column":3}},"line":22},"1":{"name":"(anonymous_1)","decl":{"start":{"line":41,"column":17},"end":{"line":41,"column":18}},"loc":{"start":{"line":41,"column":23},"end":{"line":43,"column":9}},"line":41}},"branchMap":{"0":{"loc":{"start":{"line":30,"column":6},"end":{"line":30,"column":16}},"type":"default-arg","locations":[{"start":{"line":30,"column":14},"end":{"line":30,"column":16}}],"line":30},"1":{"loc":{"start":{"line":42,"column":10},"end":{"line":42,"column":27}},"type":"if","locations":[{"start":{"line":42,"column":10},"end":{"line":42,"column":27}},{"start":{"line":42,"column":10},"end":{"line":42,"column":27}}],"line":42}},"s":{"0":0,"1":0,"2":0,"3":0,"4":0,"5":0,"6":0,"7":0},"f":{"0":0,"1":0},"b":{"0":[0],"1":[0,0]}}
,"E:\\Workspace\\Hunet-App\\src\\components\\Header.js": {"path":"E:\\Workspace\\Hunet-App\\src\\components\\Header.js","statementMap":{"0":{"start":{"line":5,"column":24},"end":{"line":25,"column":1}},"1":{"start":{"line":6,"column":2},"end":{"line":24,"column":4}}},"fnMap":{"0":{"name":"(anonymous_0)","decl":{"start":{"line":5,"column":24},"end":{"line":5,"column":25}},"loc":{"start":{"line":5,"column":51},"end":{"line":25,"column":1}},"line":5}},"branchMap":{},"s":{"0":0,"1":0},"f":{"0":0},"b":{}}
,"E:\\Workspace\\Hunet-App\\src\\components\\HistoryCard.js": {"path":"E:\\Workspace\\Hunet-App\\src\\components\\HistoryCard.js","statementMap":{"0":{"start":{"line":18,"column":26},"end":{"line":18,"column":50}},"1":{"start":{"line":20,"column":21},"end":{"line":20,"column":30}},"2":{"start":{"line":23,"column":49},"end":{"line":23,"column":59}},"3":{"start":{"line":25,"column":4},"end":{"line":53,"column":6}},"4":{"start":{"line":32,"column":10},"end":{"line":34,"column":12}},"5":{"start":{"line":57,"column":0},"end":{"line":63,"column":2}},"6":{"start":{"line":65,"column":15},"end":{"line":140,"column":2}}},"fnMap":{"0":{"name":"(anonymous_0)","decl":{"start":{"line":22,"column":2},"end":{"line":22,"column":3}},"loc":{"start":{"line":22,"column":11},"end":{"line":54,"column":3}},"line":22},"1":{"name":"(anonymous_1)","decl":{"start":{"line":31,"column":17},"end":{"line":31,"column":18}},"loc":{"start":{"line":32,"column":10},"end":{"line":34,"column":12}},"line":32}},"branchMap":{"0":{"loc":{"start":{"line":23,"column":34},"end":{"line":23,"column":44}},"type":"default-arg","locations":[{"start":{"line":23,"column":42},"end":{"line":23,"column":44}}],"line":23}},"s":{"0":0,"1":0,"2":0,"3":0,"4":0,"5":0,"6":0},"f":{"0":0,"1":0},"b":{"0":[0]}}
,"E:\\Workspace\\Hunet-App\\src\\components\\Icon.js": {"path":"E:\\Workspace\\Hunet-App\\src\\components\\Icon.js","statementMap":{"0":{"start":{"line":7,"column":19},"end":{"line":7,"column":54}},"1":{"start":{"line":8,"column":23},"end":{"line":8,"column":74}},"2":{"start":{"line":11,"column":10},"end":{"line":13,"column":3}},"3":{"start":{"line":16,"column":4},"end":{"line":16,"column":53}},"4":{"start":{"line":17,"column":4},"end":{"line":17,"column":40}},"5":{"start":{"line":21,"column":38},"end":{"line":21,"column":48}},"6":{"start":{"line":23,"column":4},"end":{"line":28,"column":5}},"7":{"start":{"line":24,"column":6},"end":{"line":26,"column":7}},"8":{"start":{"line":25,"column":8},"end":{"line":25,"column":72}},"9":{"start":{"line":27,"column":6},"end":{"line":27,"column":60}},"10":{"start":{"line":30,"column":4},"end":{"line":30,"column":16}}},"fnMap":{"0":{"name":"(anonymous_0)","decl":{"start":{"line":15,"column":2},"end":{"line":15,"column":3}},"loc":{"start":{"line":15,"column":28},"end":{"line":18,"column":3}},"line":15},"1":{"name":"(anonymous_1)","decl":{"start":{"line":20,"column":2},"end":{"line":20,"column":3}},"loc":{"start":{"line":20,"column":11},"end":{"line":31,"column":3}},"line":20}},"branchMap":{"0":{"loc":{"start":{"line":23,"column":4},"end":{"line":28,"column":5}},"type":"if","locations":[{"start":{"line":23,"column":4},"end":{"line":28,"column":5}},{"start":{"line":23,"column":4},"end":{"line":28,"column":5}}],"line":23},"1":{"loc":{"start":{"line":23,"column":8},"end":{"line":23,"column":47}},"type":"binary-expr","locations":[{"start":{"line":23,"column":8},"end":{"line":23,"column":12}},{"start":{"line":23,"column":16},"end":{"line":23,"column":22}},{"start":{"line":23,"column":26},"end":{"line":23,"column":47}}],"line":23},"2":{"loc":{"start":{"line":24,"column":6},"end":{"line":26,"column":7}},"type":"if","locations":[{"start":{"line":24,"column":6},"end":{"line":26,"column":7}},{"start":{"line":24,"column":6},"end":{"line":26,"column":7}}],"line":24}},"s":{"0":0,"1":0,"2":0,"3":0,"4":0,"5":0,"6":0,"7":0,"8":0,"9":0,"10":0},"f":{"0":0,"1":0},"b":{"0":[0,0],"1":[0,0,0],"2":[0,0]}}
,"E:\\Workspace\\Hunet-App\\src\\components\\Input.js": {"path":"E:\\Workspace\\Hunet-App\\src\\components\\Input.js","statementMap":{"0":{"start":{"line":12,"column":43},"end":{"line":12,"column":53}},"1":{"start":{"line":14,"column":24},"end":{"line":20,"column":5}},"2":{"start":{"line":22,"column":4},"end":{"line":38,"column":6}},"3":{"start":{"line":42,"column":0},"end":{"line":46,"column":2}},"4":{"start":{"line":48,"column":0},"end":{"line":52,"column":1}},"5":{"start":{"line":54,"column":15},"end":{"line":74,"column":2}}},"fnMap":{"0":{"name":"(anonymous_0)","decl":{"start":{"line":11,"column":2},"end":{"line":11,"column":3}},"loc":{"start":{"line":11,"column":11},"end":{"line":39,"column":3}},"line":11}},"branchMap":{"0":{"loc":{"start":{"line":16,"column":6},"end":{"line":16,"column":34}},"type":"binary-expr","locations":[{"start":{"line":16,"column":6},"end":{"line":16,"column":17}},{"start":{"line":16,"column":21},"end":{"line":16,"column":34}}],"line":16},"1":{"loc":{"start":{"line":17,"column":6},"end":{"line":17,"column":31}},"type":"binary-expr","locations":[{"start":{"line":17,"column":6},"end":{"line":17,"column":13}},{"start":{"line":17,"column":17},"end":{"line":17,"column":31}}],"line":17},"2":{"loc":{"start":{"line":18,"column":6},"end":{"line":18,"column":27}},"type":"binary-expr","locations":[{"start":{"line":18,"column":6},"end":{"line":18,"column":11}},{"start":{"line":18,"column":15},"end":{"line":18,"column":27}}],"line":18}},"s":{"0":0,"1":0,"2":0,"3":0,"4":0,"5":0},"f":{"0":0},"b":{"0":[0,0],"1":[0,0],"2":[0,0]}}
,"E:\\Workspace\\Hunet-App\\src\\components\\Select.js": {"path":"E:\\Workspace\\Hunet-App\\src\\components\\Select.js","statementMap":{"0":{"start":{"line":11,"column":10},"end":{"line":13,"column":3}},"1":{"start":{"line":15,"column":19},"end":{"line":20,"column":3}},"2":{"start":{"line":16,"column":25},"end":{"line":16,"column":35}},"3":{"start":{"line":18,"column":4},"end":{"line":18,"column":36}},"4":{"start":{"line":19,"column":4},"end":{"line":19,"column":39}},"5":{"start":{"line":23,"column":103},"end":{"line":23,"column":113}},"6":{"start":{"line":25,"column":24},"end":{"line":29,"column":5}},"7":{"start":{"line":31,"column":23},"end":{"line":34,"column":5}},"8":{"start":{"line":36,"column":4},"end":{"line":48,"column":5}},"9":{"start":{"line":52,"column":0},"end":{"line":59,"column":2}},"10":{"start":{"line":61,"column":15},"end":{"line":83,"column":2}}},"fnMap":{"0":{"name":"(anonymous_0)","decl":{"start":{"line":15,"column":19},"end":{"line":15,"column":20}},"loc":{"start":{"line":15,"column":37},"end":{"line":20,"column":3}},"line":15},"1":{"name":"(anonymous_1)","decl":{"start":{"line":22,"column":2},"end":{"line":22,"column":3}},"loc":{"start":{"line":22,"column":11},"end":{"line":49,"column":3}},"line":22}},"branchMap":{"0":{"loc":{"start":{"line":19,"column":4},"end":{"line":19,"column":38}},"type":"binary-expr","locations":[{"start":{"line":19,"column":4},"end":{"line":19,"column":12}},{"start":{"line":19,"column":16},"end":{"line":19,"column":38}}],"line":19},"1":{"loc":{"start":{"line":27,"column":6},"end":{"line":27,"column":41}},"type":"binary-expr","locations":[{"start":{"line":27,"column":6},"end":{"line":27,"column":11}},{"start":{"line":27,"column":15},"end":{"line":27,"column":41}}],"line":27},"2":{"loc":{"start":{"line":45,"column":22},"end":{"line":45,"column":44}},"type":"binary-expr","locations":[{"start":{"line":45,"column":22},"end":{"line":45,"column":30}},{"start":{"line":45,"column":34},"end":{"line":45,"column":44}}],"line":45},"3":{"loc":{"start":{"line":45,"column":54},"end":{"line":45,"column":80}},"type":"binary-expr","locations":[{"start":{"line":45,"column":54},"end":{"line":45,"column":64}},{"start":{"line":45,"column":68},"end":{"line":45,"column":80}}],"line":45},"4":{"loc":{"start":{"line":45,"column":88},"end":{"line":45,"column":102}},"type":"binary-expr","locations":[{"start":{"line":45,"column":88},"end":{"line":45,"column":96}},{"start":{"line":45,"column":100},"end":{"line":45,"column":102}}],"line":45},"5":{"loc":{"start":{"line":45,"column":111},"end":{"line":45,"column":147}},"type":"binary-expr","locations":[{"start":{"line":45,"column":111},"end":{"line":45,"column":120}},{"start":{"line":45,"column":124},"end":{"line":45,"column":147}}],"line":45}},"s":{"0":0,"1":0,"2":0,"3":0,"4":0,"5":0,"6":0,"7":0,"8":0,"9":0,"10":0},"f":{"0":0,"1":0},"b":{"0":[0,0],"1":[0,0],"2":[0,0],"3":[0,0],"4":[0,0],"5":[0,0]}}
,"E:\\Workspace\\Hunet-App\\src\\components\\Switch.js": {"path":"E:\\Workspace\\Hunet-App\\src\\components\\Switch.js","statementMap":{"0":{"start":{"line":8,"column":32},"end":{"line":8,"column":42}},"1":{"start":{"line":9,"column":23},"end":{"line":10,"column":101}},"2":{"start":{"line":12,"column":4},"end":{"line":20,"column":6}}},"fnMap":{"0":{"name":"(anonymous_0)","decl":{"start":{"line":7,"column":2},"end":{"line":7,"column":3}},"loc":{"start":{"line":7,"column":11},"end":{"line":21,"column":3}},"line":7}},"branchMap":{"0":{"loc":{"start":{"line":9,"column":23},"end":{"line":10,"column":101}},"type":"cond-expr","locations":[{"start":{"line":9,"column":47},"end":{"line":9,"column":51}},{"start":{"line":10,"column":6},"end":{"line":10,"column":101}}],"line":9},"1":{"loc":{"start":{"line":10,"column":6},"end":{"line":10,"column":101}},"type":"cond-expr","locations":[{"start":{"line":10,"column":43},"end":{"line":10,"column":70}},{"start":{"line":10,"column":73},"end":{"line":10,"column":101}}],"line":10},"2":{"loc":{"start":{"line":10,"column":6},"end":{"line":10,"column":40}},"type":"binary-expr","locations":[{"start":{"line":10,"column":6},"end":{"line":10,"column":31}},{"start":{"line":10,"column":35},"end":{"line":10,"column":40}}],"line":10}},"s":{"0":0,"1":0,"2":0},"f":{"0":0},"b":{"0":[0,0],"1":[0,0],"2":[0,0]}}
,"E:\\Workspace\\Hunet-App\\src\\components\\Tabs.js": {"path":"E:\\Workspace\\Hunet-App\\src\\components\\Tabs.js","statementMap":{"0":{"start":{"line":5,"column":18},"end":{"line":5,"column":42}},"1":{"start":{"line":8,"column":20},"end":{"line":13,"column":1}},"2":{"start":{"line":16,"column":24},"end":{"line":19,"column":3}},"3":{"start":{"line":21,"column":10},"end":{"line":23,"column":3}},"4":{"start":{"line":26,"column":29},"end":{"line":26,"column":39}},"5":{"start":{"line":27,"column":4},"end":{"line":27,"column":50}},"6":{"start":{"line":30,"column":18},"end":{"line":30,"column":39}},"7":{"start":{"line":33,"column":4},"end":{"line":33,"column":35}},"8":{"start":{"line":35,"column":4},"end":{"line":39,"column":14}},"9":{"start":{"line":42,"column":12},"end":{"line":42,"column":29}},"10":{"start":{"line":44,"column":26},"end":{"line":49,"column":3}},"11":{"start":{"line":45,"column":4},"end":{"line":48,"column":7}},"12":{"start":{"line":51,"column":15},"end":{"line":61,"column":3}},"13":{"start":{"line":52,"column":4},"end":{"line":52,"column":34}},"14":{"start":{"line":54,"column":4},"end":{"line":57,"column":7}},"15":{"start":{"line":55,"column":47},"end":{"line":55,"column":61}},"16":{"start":{"line":59,"column":4},"end":{"line":59,"column":19}},"17":{"start":{"line":60,"column":4},"end":{"line":60,"column":51}},"18":{"start":{"line":63,"column":15},"end":{"line":90,"column":3}},"19":{"start":{"line":64,"column":21},"end":{"line":64,"column":50}},"20":{"start":{"line":66,"column":22},"end":{"line":70,"column":6}},"21":{"start":{"line":72,"column":28},"end":{"line":76,"column":5}},"22":{"start":{"line":78,"column":4},"end":{"line":89,"column":5}},"23":{"start":{"line":85,"column":25},"end":{"line":85,"column":49}},"24":{"start":{"line":92,"column":15},"end":{"line":109,"column":3}},"25":{"start":{"line":93,"column":31},"end":{"line":93,"column":41}},"26":{"start":{"line":95,"column":4},"end":{"line":108,"column":5}},"27":{"start":{"line":102,"column":32},"end":{"line":102,"column":39}},"28":{"start":{"line":105,"column":34},"end":{"line":105,"column":55}},"29":{"start":{"line":112,"column":4},"end":{"line":116,"column":5}},"30":{"start":{"line":120,"column":15},"end":{"line":159,"column":2}}},"fnMap":{"0":{"name":"(anonymous_0)","decl":{"start":{"line":25,"column":2},"end":{"line":25,"column":3}},"loc":{"start":{"line":25,"column":22},"end":{"line":28,"column":3}},"line":25},"1":{"name":"(anonymous_1)","decl":{"start":{"line":32,"column":2},"end":{"line":32,"column":3}},"loc":{"start":{"line":32,"column":12},"end":{"line":40,"column":3}},"line":32},"2":{"name":"(anonymous_2)","decl":{"start":{"line":44,"column":26},"end":{"line":44,"column":27}},"loc":{"start":{"line":44,"column":32},"end":{"line":49,"column":3}},"line":44},"3":{"name":"(anonymous_3)","decl":{"start":{"line":51,"column":15},"end":{"line":51,"column":16}},"loc":{"start":{"line":51,"column":23},"end":{"line":61,"column":3}},"line":51},"4":{"name":"(anonymous_4)","decl":{"start":{"line":55,"column":39},"end":{"line":55,"column":40}},"loc":{"start":{"line":55,"column":47},"end":{"line":55,"column":61}},"line":55},"5":{"name":"(anonymous_5)","decl":{"start":{"line":63,"column":15},"end":{"line":63,"column":16}},"loc":{"start":{"line":63,"column":25},"end":{"line":90,"column":3}},"line":63},"6":{"name":"(anonymous_6)","decl":{"start":{"line":85,"column":19},"end":{"line":85,"column":20}},"loc":{"start":{"line":85,"column":25},"end":{"line":85,"column":49}},"line":85},"7":{"name":"(anonymous_7)","decl":{"start":{"line":92,"column":15},"end":{"line":92,"column":16}},"loc":{"start":{"line":92,"column":21},"end":{"line":109,"column":3}},"line":92},"8":{"name":"(anonymous_8)","decl":{"start":{"line":102,"column":22},"end":{"line":102,"column":23}},"loc":{"start":{"line":102,"column":32},"end":{"line":102,"column":39}},"line":102},"9":{"name":"(anonymous_9)","decl":{"start":{"line":105,"column":20},"end":{"line":105,"column":21}},"loc":{"start":{"line":105,"column":34},"end":{"line":105,"column":55}},"line":105},"10":{"name":"(anonymous_10)","decl":{"start":{"line":111,"column":2},"end":{"line":111,"column":3}},"loc":{"start":{"line":111,"column":11},"end":{"line":117,"column":3}},"line":111}},"branchMap":{"0":{"loc":{"start":{"line":27,"column":4},"end":{"line":27,"column":49}},"type":"binary-expr","locations":[{"start":{"line":27,"column":4},"end":{"line":27,"column":16}},{"start":{"line":27,"column":20},"end":{"line":27,"column":49}}],"line":27},"1":{"loc":{"start":{"line":60,"column":4},"end":{"line":60,"column":50}},"type":"binary-expr","locations":[{"start":{"line":60,"column":4},"end":{"line":60,"column":23}},{"start":{"line":60,"column":27},"end":{"line":60,"column":50}}],"line":60},"2":{"loc":{"start":{"line":68,"column":45},"end":{"line":68,"column":105}},"type":"cond-expr","locations":[{"start":{"line":68,"column":56},"end":{"line":68,"column":79}},{"start":{"line":68,"column":82},"end":{"line":68,"column":105}}],"line":68},"3":{"loc":{"start":{"line":74,"column":6},"end":{"line":74,"column":67}},"type":"binary-expr","locations":[{"start":{"line":74,"column":6},"end":{"line":74,"column":15}},{"start":{"line":74,"column":19},"end":{"line":74,"column":67}}],"line":74},"4":{"loc":{"start":{"line":75,"column":6},"end":{"line":75,"column":40}},"type":"binary-expr","locations":[{"start":{"line":75,"column":6},"end":{"line":75,"column":14}},{"start":{"line":75,"column":18},"end":{"line":75,"column":40}}],"line":75}},"s":{"0":0,"1":0,"2":0,"3":0,"4":0,"5":0,"6":0,"7":0,"8":0,"9":0,"10":0,"11":0,"12":0,"13":0,"14":0,"15":0,"16":0,"17":0,"18":0,"19":0,"20":0,"21":0,"22":0,"23":0,"24":0,"25":0,"26":0,"27":0,"28":0,"29":0,"30":0},"f":{"0":0,"1":0,"2":0,"3":0,"4":0,"5":0,"6":0,"7":0,"8":0,"9":0,"10":0},"b":{"0":[0,0],"1":[0,0],"2":[0,0],"3":[0,0],"4":[0,0]}}
,"E:\\Workspace\\Hunet-App\\src\\components\\index.js": {"path":"E:\\Workspace\\Hunet-App\\src\\components\\index.js","statementMap":{},"fnMap":{},"branchMap":{},"s":{},"f":{},"b":{}}
,"E:\\Workspace\\Hunet-App\\src\\constants\\Images.js": {"path":"E:\\Workspace\\Hunet-App\\src\\constants\\Images.js","statementMap":{"0":{"start":{"line":2,"column":19},"end":{"line":2,"column":51}},"1":{"start":{"line":3,"column":13},"end":{"line":3,"column":53}},"2":{"start":{"line":4,"column":23},"end":{"line":4,"column":74}},"3":{"start":{"line":5,"column":26},"end":{"line":5,"column":73}},"4":{"start":{"line":6,"column":27},"end":{"line":6,"column":68}},"5":{"start":{"line":7,"column":12},"end":{"line":7,"column":51}},"6":{"start":{"line":8,"column":18},"end":{"line":8,"column":57}},"7":{"start":{"line":9,"column":16},"end":{"line":9,"column":49}},"8":{"start":{"line":10,"column":20},"end":{"line":10,"column":57}},"9":{"start":{"line":11,"column":19},"end":{"line":11,"column":56}},"10":{"start":{"line":14,"column":23},"end":{"line":14,"column":106}},"11":{"start":{"line":16,"column":15},"end":{"line":23,"column":1}},"12":{"start":{"line":25,"column":17},"end":{"line":27,"column":1}}},"fnMap":{},"branchMap":{},"s":{"0":0,"1":0,"2":0,"3":0,"4":0,"5":0,"6":0,"7":0,"8":0,"9":0,"10":0,"11":0,"12":0},"f":{},"b":{}}
,"E:\\Workspace\\Hunet-App\\src\\constants\\Theme.js": {"path":"E:\\Workspace\\Hunet-App\\src\\constants\\Theme.js","statementMap":{},"fnMap":{},"branchMap":{},"s":{},"f":{},"b":{}}
,"E:\\Workspace\\Hunet-App\\src\\constants\\appointment.js": {"path":"E:\\Workspace\\Hunet-App\\src\\constants\\appointment.js","statementMap":{},"fnMap":{},"branchMap":{},"s":{},"f":{},"b":{}}
,"E:\\Workspace\\Hunet-App\\src\\constants\\articles.js": {"path":"E:\\Workspace\\Hunet-App\\src\\constants\\articles.js","statementMap":{},"fnMap":{},"branchMap":{},"s":{},"f":{},"b":{}}
,"E:\\Workspace\\Hunet-App\\src\\constants\\doctor.js": {"path":"E:\\Workspace\\Hunet-App\\src\\constants\\doctor.js","statementMap":{},"fnMap":{},"branchMap":{},"s":{},"f":{},"b":{}}
,"E:\\Workspace\\Hunet-App\\src\\constants\\history.js": {"path":"E:\\Workspace\\Hunet-App\\src\\constants\\history.js","statementMap":{},"fnMap":{},"branchMap":{},"s":{},"f":{},"b":{}}
,"E:\\Workspace\\Hunet-App\\src\\constants\\index.js": {"path":"E:\\Workspace\\Hunet-App\\src\\constants\\index.js","statementMap":{},"fnMap":{},"branchMap":{},"s":{},"f":{},"b":{}}
,"E:\\Workspace\\Hunet-App\\src\\constants\\tabs.js": {"path":"E:\\Workspace\\Hunet-App\\src\\constants\\tabs.js","statementMap":{},"fnMap":{},"branchMap":{},"s":{},"f":{},"b":{}}
,"E:\\Workspace\\Hunet-App\\src\\constants\\utils.js": {"path":"E:\\Workspace\\Hunet-App\\src\\constants\\utils.js","statementMap":{"0":{"start":{"line":4,"column":28},"end":{"line":4,"column":51}},"1":{"start":{"line":5,"column":29},"end":{"line":5,"column":73}},"2":{"start":{"line":6,"column":23},"end":{"line":6,"column":87}},"3":{"start":{"line":6,"column":29},"end":{"line":6,"column":87}}},"fnMap":{"0":{"name":"(anonymous_0)","decl":{"start":{"line":6,"column":23},"end":{"line":6,"column":24}},"loc":{"start":{"line":6,"column":29},"end":{"line":6,"column":87}},"line":6}},"branchMap":{"0":{"loc":{"start":{"line":5,"column":55},"end":{"line":5,"column":72}},"type":"binary-expr","locations":[{"start":{"line":5,"column":55},"end":{"line":5,"column":67}},{"start":{"line":5,"column":71},"end":{"line":5,"column":72}}],"line":5},"1":{"loc":{"start":{"line":6,"column":29},"end":{"line":6,"column":87}},"type":"binary-expr","locations":[{"start":{"line":6,"column":29},"end":{"line":6,"column":50}},{"start":{"line":6,"column":55},"end":{"line":6,"column":69}},{"start":{"line":6,"column":73},"end":{"line":6,"column":86}}],"line":6}},"s":{"0":0,"1":0,"2":0,"3":0},"f":{"0":0},"b":{"0":[0,0],"1":[0,0,0]}}
,"E:\\Workspace\\Hunet-App\\src\\routes\\index.js": {"path":"E:\\Workspace\\Hunet-App\\src\\routes\\index.js","statementMap":{"0":{"start":{"line":31,"column":14},"end":{"line":31,"column":36}},"1":{"start":{"line":32,"column":12},"end":{"line":32,"column":38}},"2":{"start":{"line":38,"column":2},"end":{"line":43,"column":3}},"3":{"start":{"line":39,"column":22},"end":{"line":39,"column":73}},"4":{"start":{"line":40,"column":4},"end":{"line":42,"column":5}},"5":{"start":{"line":41,"column":6},"end":{"line":41,"column":19}},"6":{"start":{"line":44,"column":2},"end":{"line":44,"column":14}},"7":{"start":{"line":48,"column":2},"end":{"line":159,"column":4}},"8":{"start":{"line":54,"column":37},"end":{"line":107,"column":7}},"9":{"start":{"line":58,"column":10},"end":{"line":97,"column":11}},"10":{"start":{"line":59,"column":12},"end":{"line":59,"column":65}},"11":{"start":{"line":60,"column":12},"end":{"line":60,"column":35}},"12":{"start":{"line":61,"column":17},"end":{"line":97,"column":11}},"13":{"start":{"line":62,"column":12},"end":{"line":62,"column":75}},"14":{"start":{"line":63,"column":12},"end":{"line":63,"column":35}},"15":{"start":{"line":64,"column":17},"end":{"line":97,"column":11}},"16":{"start":{"line":65,"column":12},"end":{"line":65,"column":63}},"17":{"start":{"line":66,"column":12},"end":{"line":66,"column":35}},"18":{"start":{"line":67,"column":17},"end":{"line":97,"column":11}},"19":{"start":{"line":68,"column":12},"end":{"line":68,"column":63}},"20":{"start":{"line":69,"column":12},"end":{"line":69,"column":35}},"21":{"start":{"line":70,"column":17},"end":{"line":97,"column":11}},"22":{"start":{"line":71,"column":12},"end":{"line":71,"column":71}},"23":{"start":{"line":72,"column":12},"end":{"line":72,"column":35}},"24":{"start":{"line":73,"column":17},"end":{"line":97,"column":11}},"25":{"start":{"line":74,"column":12},"end":{"line":74,"column":65}},"26":{"start":{"line":75,"column":12},"end":{"line":75,"column":35}},"27":{"start":{"line":76,"column":17},"end":{"line":97,"column":11}},"28":{"start":{"line":77,"column":12},"end":{"line":96,"column":13}},"29":{"start":{"line":78,"column":14},"end":{"line":95,"column":16}},"30":{"start":{"line":98,"column":10},"end":{"line":105,"column":12}},"31":{"start":{"line":129,"column":33},"end":{"line":131,"column":9}},"32":{"start":{"line":137,"column":33},"end":{"line":141,"column":9}},"33":{"start":{"line":162,"column":24},"end":{"line":202,"column":1}},"34":{"start":{"line":163,"column":2},"end":{"line":201,"column":4}},"35":{"start":{"line":204,"column":18},"end":{"line":261,"column":1}},"36":{"start":{"line":205,"column":2},"end":{"line":260,"column":4}},"37":{"start":{"line":236,"column":38},"end":{"line":255,"column":9}},"38":{"start":{"line":243,"column":12},"end":{"line":253,"column":14}},"39":{"start":{"line":246,"column":16},"end":{"line":251,"column":18}},"40":{"start":{"line":263,"column":25},"end":{"line":282,"column":1}},"41":{"start":{"line":264,"column":2},"end":{"line":281,"column":4}},"42":{"start":{"line":283,"column":14},"end":{"line":300,"column":1}},"43":{"start":{"line":284,"column":2},"end":{"line":299,"column":4}}},"fnMap":{"0":{"name":"tableVisible","decl":{"start":{"line":34,"column":9},"end":{"line":34,"column":21}},"loc":{"start":{"line":34,"column":29},"end":{"line":45,"column":1}},"line":34},"1":{"name":"HomeTabs","decl":{"start":{"line":47,"column":9},"end":{"line":47,"column":17}},"loc":{"start":{"line":47,"column":20},"end":{"line":160,"column":1}},"line":47},"2":{"name":"(anonymous_2)","decl":{"start":{"line":54,"column":21},"end":{"line":54,"column":22}},"loc":{"start":{"line":54,"column":37},"end":{"line":107,"column":7}},"line":54},"3":{"name":"(anonymous_3)","decl":{"start":{"line":55,"column":20},"end":{"line":55,"column":21}},"loc":{"start":{"line":55,"column":50},"end":{"line":106,"column":9}},"line":55},"4":{"name":"(anonymous_4)","decl":{"start":{"line":129,"column":17},"end":{"line":129,"column":18}},"loc":{"start":{"line":129,"column":33},"end":{"line":131,"column":9}},"line":129},"5":{"name":"(anonymous_5)","decl":{"start":{"line":137,"column":17},"end":{"line":137,"column":18}},"loc":{"start":{"line":137,"column":33},"end":{"line":141,"column":9}},"line":137},"6":{"name":"(anonymous_6)","decl":{"start":{"line":162,"column":24},"end":{"line":162,"column":25}},"loc":{"start":{"line":162,"column":30},"end":{"line":202,"column":1}},"line":162},"7":{"name":"(anonymous_7)","decl":{"start":{"line":204,"column":18},"end":{"line":204,"column":19}},"loc":{"start":{"line":204,"column":24},"end":{"line":261,"column":1}},"line":204},"8":{"name":"(anonymous_8)","decl":{"start":{"line":236,"column":17},"end":{"line":236,"column":18}},"loc":{"start":{"line":236,"column":38},"end":{"line":255,"column":9}},"line":236},"9":{"name":"(anonymous_9)","decl":{"start":{"line":242,"column":22},"end":{"line":242,"column":23}},"loc":{"start":{"line":243,"column":12},"end":{"line":253,"column":14}},"line":243},"10":{"name":"(anonymous_10)","decl":{"start":{"line":245,"column":23},"end":{"line":245,"column":24}},"loc":{"start":{"line":245,"column":29},"end":{"line":252,"column":15}},"line":245},"11":{"name":"(anonymous_11)","decl":{"start":{"line":263,"column":25},"end":{"line":263,"column":26}},"loc":{"start":{"line":263,"column":31},"end":{"line":282,"column":1}},"line":263},"12":{"name":"(anonymous_12)","decl":{"start":{"line":283,"column":14},"end":{"line":283,"column":15}},"loc":{"start":{"line":283,"column":20},"end":{"line":300,"column":1}},"line":283}},"branchMap":{"0":{"loc":{"start":{"line":38,"column":2},"end":{"line":43,"column":3}},"type":"if","locations":[{"start":{"line":38,"column":2},"end":{"line":43,"column":3}},{"start":{"line":38,"column":2},"end":{"line":43,"column":3}}],"line":38},"1":{"loc":{"start":{"line":39,"column":22},"end":{"line":39,"column":73}},"type":"binary-expr","locations":[{"start":{"line":39,"column":22},"end":{"line":39,"column":57}},{"start":{"line":39,"column":61},"end":{"line":39,"column":73}}],"line":39},"2":{"loc":{"start":{"line":40,"column":4},"end":{"line":42,"column":5}},"type":"if","locations":[{"start":{"line":40,"column":4},"end":{"line":42,"column":5}},{"start":{"line":40,"column":4},"end":{"line":42,"column":5}}],"line":40},"3":{"loc":{"start":{"line":58,"column":10},"end":{"line":97,"column":11}},"type":"if","locations":[{"start":{"line":58,"column":10},"end":{"line":97,"column":11}},{"start":{"line":58,"column":10},"end":{"line":97,"column":11}}],"line":58},"4":{"loc":{"start":{"line":59,"column":23},"end":{"line":59,"column":64}},"type":"cond-expr","locations":[{"start":{"line":59,"column":33},"end":{"line":59,"column":43}},{"start":{"line":59,"column":46},"end":{"line":59,"column":64}}],"line":59},"5":{"loc":{"start":{"line":61,"column":17},"end":{"line":97,"column":11}},"type":"if","locations":[{"start":{"line":61,"column":17},"end":{"line":97,"column":11}},{"start":{"line":61,"column":17},"end":{"line":97,"column":11}}],"line":61},"6":{"loc":{"start":{"line":62,"column":23},"end":{"line":62,"column":74}},"type":"cond-expr","locations":[{"start":{"line":62,"column":33},"end":{"line":62,"column":48}},{"start":{"line":62,"column":51},"end":{"line":62,"column":74}}],"line":62},"7":{"loc":{"start":{"line":64,"column":17},"end":{"line":97,"column":11}},"type":"if","locations":[{"start":{"line":64,"column":17},"end":{"line":97,"column":11}},{"start":{"line":64,"column":17},"end":{"line":97,"column":11}}],"line":64},"8":{"loc":{"start":{"line":65,"column":23},"end":{"line":65,"column":62}},"type":"cond-expr","locations":[{"start":{"line":65,"column":33},"end":{"line":65,"column":42}},{"start":{"line":65,"column":45},"end":{"line":65,"column":62}}],"line":65},"9":{"loc":{"start":{"line":67,"column":17},"end":{"line":97,"column":11}},"type":"if","locations":[{"start":{"line":67,"column":17},"end":{"line":97,"column":11}},{"start":{"line":67,"column":17},"end":{"line":97,"column":11}}],"line":67},"10":{"loc":{"start":{"line":68,"column":23},"end":{"line":68,"column":62}},"type":"cond-expr","locations":[{"start":{"line":68,"column":33},"end":{"line":68,"column":42}},{"start":{"line":68,"column":45},"end":{"line":68,"column":62}}],"line":68},"11":{"loc":{"start":{"line":70,"column":17},"end":{"line":97,"column":11}},"type":"if","locations":[{"start":{"line":70,"column":17},"end":{"line":97,"column":11}},{"start":{"line":70,"column":17},"end":{"line":97,"column":11}}],"line":70},"12":{"loc":{"start":{"line":71,"column":23},"end":{"line":71,"column":70}},"type":"cond-expr","locations":[{"start":{"line":71,"column":33},"end":{"line":71,"column":46}},{"start":{"line":71,"column":49},"end":{"line":71,"column":70}}],"line":71},"13":{"loc":{"start":{"line":73,"column":17},"end":{"line":97,"column":11}},"type":"if","locations":[{"start":{"line":73,"column":17},"end":{"line":97,"column":11}},{"start":{"line":73,"column":17},"end":{"line":97,"column":11}}],"line":73},"14":{"loc":{"start":{"line":74,"column":23},"end":{"line":74,"column":64}},"type":"cond-expr","locations":[{"start":{"line":74,"column":33},"end":{"line":74,"column":43}},{"start":{"line":74,"column":46},"end":{"line":74,"column":64}}],"line":74},"15":{"loc":{"start":{"line":76,"column":17},"end":{"line":97,"column":11}},"type":"if","locations":[{"start":{"line":76,"column":17},"end":{"line":97,"column":11}},{"start":{"line":76,"column":17},"end":{"line":97,"column":11}}],"line":76},"16":{"loc":{"start":{"line":77,"column":12},"end":{"line":96,"column":13}},"type":"if","locations":[{"start":{"line":77,"column":12},"end":{"line":96,"column":13}},{"start":{"line":77,"column":12},"end":{"line":96,"column":13}}],"line":77}},"s":{"0":0,"1":0,"2":0,"3":0,"4":0,"5":0,"6":0,"7":0,"8":0,"9":0,"10":0,"11":0,"12":0,"13":0,"14":0,"15":0,"16":0,"17":0,"18":0,"19":0,"20":0,"21":0,"22":0,"23":0,"24":0,"25":0,"26":0,"27":0,"28":0,"29":0,"30":0,"31":0,"32":0,"33":0,"34":0,"35":0,"36":0,"37":0,"38":0,"39":0,"40":0,"41":0,"42":0,"43":0},"f":{"0":0,"1":0,"2":0,"3":0,"4":0,"5":0,"6":0,"7":0,"8":0,"9":0,"10":0,"11":0,"12":0},"b":{"0":[0,0],"1":[0,0],"2":[0,0],"3":[0,0],"4":[0,0],"5":[0,0],"6":[0,0],"7":[0,0],"8":[0,0],"9":[0,0],"10":[0,0],"11":[0,0],"12":[0,0],"13":[0,0],"14":[0,0],"15":[0,0],"16":[0,0]}}
,"E:\\Workspace\\Hunet-App\\src\\screens\\Articles.js": {"path":"E:\\Workspace\\Hunet-App\\src\\screens\\Articles.js","statementMap":{"0":{"start":{"line":16,"column":18},"end":{"line":16,"column":42}},"1":{"start":{"line":18,"column":21},"end":{"line":18,"column":42}},"2":{"start":{"line":19,"column":18},"end":{"line":19,"column":46}},"3":{"start":{"line":20,"column":19},"end":{"line":37,"column":1}},"4":{"start":{"line":40,"column":18},"end":{"line":79,"column":3}},"5":{"start":{"line":41,"column":27},"end":{"line":41,"column":37}},"6":{"start":{"line":43,"column":4},"end":{"line":78,"column":6}},"7":{"start":{"line":47,"column":23},"end":{"line":47,"column":68}},"8":{"start":{"line":81,"column":16},"end":{"line":140,"column":3}},"9":{"start":{"line":82,"column":4},"end":{"line":139,"column":6}},"10":{"start":{"line":133,"column":18},"end":{"line":133,"column":49}},"11":{"start":{"line":142,"column":16},"end":{"line":181,"column":3}},"12":{"start":{"line":143,"column":27},"end":{"line":143,"column":37}},"13":{"start":{"line":145,"column":4},"end":{"line":180,"column":6}},"14":{"start":{"line":158,"column":29},"end":{"line":158,"column":56}},"15":{"start":{"line":169,"column":14},"end":{"line":175,"column":22}},"16":{"start":{"line":184,"column":4},"end":{"line":193,"column":6}},"17":{"start":{"line":197,"column":15},"end":{"line":251,"column":2}}},"fnMap":{"0":{"name":"(anonymous_0)","decl":{"start":{"line":40,"column":18},"end":{"line":40,"column":19}},"loc":{"start":{"line":40,"column":35},"end":{"line":79,"column":3}},"line":40},"1":{"name":"(anonymous_1)","decl":{"start":{"line":47,"column":17},"end":{"line":47,"column":18}},"loc":{"start":{"line":47,"column":23},"end":{"line":47,"column":68}},"line":47},"2":{"name":"(anonymous_2)","decl":{"start":{"line":81,"column":16},"end":{"line":81,"column":17}},"loc":{"start":{"line":81,"column":22},"end":{"line":140,"column":3}},"line":81},"3":{"name":"(anonymous_3)","decl":{"start":{"line":132,"column":31},"end":{"line":132,"column":32}},"loc":{"start":{"line":133,"column":18},"end":{"line":133,"column":49}},"line":133},"4":{"name":"(anonymous_4)","decl":{"start":{"line":142,"column":16},"end":{"line":142,"column":17}},"loc":{"start":{"line":142,"column":22},"end":{"line":181,"column":3}},"line":142},"5":{"name":"(anonymous_5)","decl":{"start":{"line":158,"column":23},"end":{"line":158,"column":24}},"loc":{"start":{"line":158,"column":29},"end":{"line":158,"column":56}},"line":158},"6":{"name":"(anonymous_6)","decl":{"start":{"line":168,"column":31},"end":{"line":168,"column":32}},"loc":{"start":{"line":169,"column":14},"end":{"line":175,"column":22}},"line":169},"7":{"name":"(anonymous_7)","decl":{"start":{"line":183,"column":2},"end":{"line":183,"column":3}},"loc":{"start":{"line":183,"column":11},"end":{"line":194,"column":3}},"line":183}},"branchMap":{"0":{"loc":{"start":{"line":131,"column":15},"end":{"line":134,"column":17}},"type":"binary-expr","locations":[{"start":{"line":131,"column":15},"end":{"line":131,"column":25}},{"start":{"line":132,"column":16},"end":{"line":134,"column":17}}],"line":131}},"s":{"0":0,"1":0,"2":0,"3":0,"4":0,"5":0,"6":0,"7":0,"8":0,"9":0,"10":0,"11":0,"12":0,"13":0,"14":0,"15":0,"16":0,"17":0},"f":{"0":0,"1":0,"2":0,"3":0,"4":0,"5":0,"6":0,"7":0},"b":{"0":[0,0]}}
,"E:\\Workspace\\Hunet-App\\src\\screens\\Elements.js": {"path":"E:\\Workspace\\Hunet-App\\src\\screens\\Elements.js","statementMap":{"0":{"start":{"line":9,"column":18},"end":{"line":9,"column":42}},"1":{"start":{"line":12,"column":10},"end":{"line":15,"column":3}},"2":{"start":{"line":17,"column":17},"end":{"line":18,"column":56}},"3":{"start":{"line":18,"column":4},"end":{"line":18,"column":56}},"4":{"start":{"line":20,"column":18},"end":{"line":85,"column":3}},"5":{"start":{"line":21,"column":4},"end":{"line":84,"column":6}},"6":{"start":{"line":87,"column":15},"end":{"line":140,"column":3}},"7":{"start":{"line":88,"column":4},"end":{"line":139,"column":6}},"8":{"start":{"line":142,"column":17},"end":{"line":243,"column":3}},"9":{"start":{"line":143,"column":4},"end":{"line":242,"column":6}},"10":{"start":{"line":245,"column":19},"end":{"line":274,"column":3}},"11":{"start":{"line":246,"column":4},"end":{"line":273,"column":6}},"12":{"start":{"line":261,"column":35},"end":{"line":261,"column":64}},"13":{"start":{"line":268,"column":35},"end":{"line":268,"column":64}},"14":{"start":{"line":276,"column":20},"end":{"line":299,"column":3}},"15":{"start":{"line":277,"column":27},"end":{"line":277,"column":37}},"16":{"start":{"line":278,"column":4},"end":{"line":298,"column":6}},"17":{"start":{"line":285,"column":45},"end":{"line":285,"column":71}},"18":{"start":{"line":301,"column":17},"end":{"line":352,"column":3}},"19":{"start":{"line":302,"column":4},"end":{"line":351,"column":6}},"20":{"start":{"line":354,"column":21},"end":{"line":390,"column":3}},"21":{"start":{"line":355,"column":4},"end":{"line":389,"column":6}},"22":{"start":{"line":393,"column":4},"end":{"line":405,"column":6}},"23":{"start":{"line":409,"column":15},"end":{"line":463,"column":2}}},"fnMap":{"0":{"name":"(anonymous_0)","decl":{"start":{"line":17,"column":17},"end":{"line":17,"column":18}},"loc":{"start":{"line":18,"column":4},"end":{"line":18,"column":56}},"line":18},"1":{"name":"(anonymous_1)","decl":{"start":{"line":20,"column":18},"end":{"line":20,"column":19}},"loc":{"start":{"line":20,"column":24},"end":{"line":85,"column":3}},"line":20},"2":{"name":"(anonymous_2)","decl":{"start":{"line":87,"column":15},"end":{"line":87,"column":16}},"loc":{"start":{"line":87,"column":21},"end":{"line":140,"column":3}},"line":87},"3":{"name":"(anonymous_3)","decl":{"start":{"line":142,"column":17},"end":{"line":142,"column":18}},"loc":{"start":{"line":142,"column":23},"end":{"line":243,"column":3}},"line":142},"4":{"name":"(anonymous_4)","decl":{"start":{"line":245,"column":19},"end":{"line":245,"column":20}},"loc":{"start":{"line":245,"column":25},"end":{"line":274,"column":3}},"line":245},"5":{"name":"(anonymous_5)","decl":{"start":{"line":261,"column":29},"end":{"line":261,"column":30}},"loc":{"start":{"line":261,"column":35},"end":{"line":261,"column":64}},"line":261},"6":{"name":"(anonymous_6)","decl":{"start":{"line":268,"column":29},"end":{"line":268,"column":30}},"loc":{"start":{"line":268,"column":35},"end":{"line":268,"column":64}},"line":268},"7":{"name":"(anonymous_7)","decl":{"start":{"line":276,"column":20},"end":{"line":276,"column":21}},"loc":{"start":{"line":276,"column":26},"end":{"line":299,"column":3}},"line":276},"8":{"name":"(anonymous_8)","decl":{"start":{"line":285,"column":39},"end":{"line":285,"column":40}},"loc":{"start":{"line":285,"column":45},"end":{"line":285,"column":71}},"line":285},"9":{"name":"(anonymous_9)","decl":{"start":{"line":301,"column":17},"end":{"line":301,"column":18}},"loc":{"start":{"line":301,"column":23},"end":{"line":352,"column":3}},"line":301},"10":{"name":"(anonymous_10)","decl":{"start":{"line":354,"column":21},"end":{"line":354,"column":22}},"loc":{"start":{"line":354,"column":27},"end":{"line":390,"column":3}},"line":354},"11":{"name":"(anonymous_11)","decl":{"start":{"line":392,"column":2},"end":{"line":392,"column":3}},"loc":{"start":{"line":392,"column":11},"end":{"line":406,"column":3}},"line":392}},"branchMap":{},"s":{"0":0,"1":0,"2":0,"3":0,"4":0,"5":0,"6":0,"7":0,"8":0,"9":0,"10":0,"11":0,"12":0,"13":0,"14":0,"15":0,"16":0,"17":0,"18":0,"19":0,"20":0,"21":0,"22":0,"23":0},"f":{"0":0,"1":0,"2":0,"3":0,"4":0,"5":0,"6":0,"7":0,"8":0,"9":0,"10":0,"11":0},"b":{}}
,"E:\\Workspace\\Hunet-App\\src\\screens\\Home.js": {"path":"E:\\Workspace\\Hunet-App\\src\\screens\\Home.js","statementMap":{"0":{"start":{"line":7,"column":18},"end":{"line":7,"column":42}},"1":{"start":{"line":10,"column":19},"end":{"line":26,"column":3}},"2":{"start":{"line":11,"column":4},"end":{"line":25,"column":5}},"3":{"start":{"line":29,"column":4},"end":{"line":33,"column":6}},"4":{"start":{"line":37,"column":15},"end":{"line":45,"column":2}}},"fnMap":{"0":{"name":"(anonymous_0)","decl":{"start":{"line":10,"column":19},"end":{"line":10,"column":20}},"loc":{"start":{"line":10,"column":25},"end":{"line":26,"column":3}},"line":10},"1":{"name":"(anonymous_1)","decl":{"start":{"line":28,"column":2},"end":{"line":28,"column":3}},"loc":{"start":{"line":28,"column":11},"end":{"line":34,"column":3}},"line":28}},"branchMap":{},"s":{"0":0,"1":0,"2":0,"3":0,"4":0},"f":{"0":0,"1":0},"b":{}}
,"E:\\Workspace\\Hunet-App\\src\\screens\\Onboarding.js": {"path":"E:\\Workspace\\Hunet-App\\src\\screens\\Onboarding.js","statementMap":{"0":{"start":{"line":11,"column":26},"end":{"line":11,"column":50}},"1":{"start":{"line":18,"column":27},"end":{"line":18,"column":37}},"2":{"start":{"line":20,"column":4},"end":{"line":63,"column":6}},"3":{"start":{"line":54,"column":33},"end":{"line":54,"column":59}},"4":{"start":{"line":67,"column":15},"end":{"line":96,"column":2}}},"fnMap":{"0":{"name":"(anonymous_0)","decl":{"start":{"line":17,"column":2},"end":{"line":17,"column":3}},"loc":{"start":{"line":17,"column":11},"end":{"line":64,"column":3}},"line":17},"1":{"name":"(anonymous_1)","decl":{"start":{"line":54,"column":27},"end":{"line":54,"column":28}},"loc":{"start":{"line":54,"column":33},"end":{"line":54,"column":59}},"line":54}},"branchMap":{},"s":{"0":0,"1":0,"2":0,"3":0,"4":0},"f":{"0":0,"1":0},"b":{}}
,"E:\\Workspace\\Hunet-App\\src\\screens\\Pro.js": {"path":"E:\\Workspace\\Hunet-App\\src\\screens\\Pro.js","statementMap":{"0":{"start":{"line":5,"column":26},"end":{"line":5,"column":50}},"1":{"start":{"line":11,"column":27},"end":{"line":11,"column":37}},"2":{"start":{"line":13,"column":4},"end":{"line":63,"column":6}},"3":{"start":{"line":56,"column":31},"end":{"line":56,"column":165}},"4":{"start":{"line":56,"column":125},"end":{"line":56,"column":164}},"5":{"start":{"line":67,"column":15},"end":{"line":100,"column":2}}},"fnMap":{"0":{"name":"(anonymous_0)","decl":{"start":{"line":10,"column":2},"end":{"line":10,"column":3}},"loc":{"start":{"line":10,"column":11},"end":{"line":64,"column":3}},"line":10},"1":{"name":"(anonymous_1)","decl":{"start":{"line":56,"column":25},"end":{"line":56,"column":26}},"loc":{"start":{"line":56,"column":31},"end":{"line":56,"column":165}},"line":56},"2":{"name":"(anonymous_2)","decl":{"start":{"line":56,"column":116},"end":{"line":56,"column":117}},"loc":{"start":{"line":56,"column":125},"end":{"line":56,"column":164}},"line":56}},"branchMap":{"0":{"loc":{"start":{"line":70,"column":15},"end":{"line":70,"column":60}},"type":"cond-expr","locations":[{"start":{"line":70,"column":43},"end":{"line":70,"column":56}},{"start":{"line":70,"column":59},"end":{"line":70,"column":60}}],"line":70},"1":{"loc":{"start":{"line":76,"column":12},"end":{"line":76,"column":83}},"type":"cond-expr","locations":[{"start":{"line":76,"column":40},"end":{"line":76,"column":60}},{"start":{"line":76,"column":63},"end":{"line":76,"column":83}}],"line":76}},"s":{"0":0,"1":0,"2":0,"3":0,"4":0,"5":0},"f":{"0":0,"1":0,"2":0},"b":{"0":[0,0],"1":[0,0]}}
,"E:\\Workspace\\Hunet-App\\src\\screens\\AppointmentCreate\\ChooseDate.js": {"path":"E:\\Workspace\\Hunet-App\\src\\screens\\AppointmentCreate\\ChooseDate.js","statementMap":{"0":{"start":{"line":14,"column":18},"end":{"line":14,"column":42}},"1":{"start":{"line":16,"column":19},"end":{"line":54,"column":1}},"2":{"start":{"line":17,"column":50},"end":{"line":17,"column":62}},"3":{"start":{"line":18,"column":2},"end":{"line":53,"column":4}}},"fnMap":{"0":{"name":"(anonymous_0)","decl":{"start":{"line":16,"column":19},"end":{"line":16,"column":20}},"loc":{"start":{"line":16,"column":45},"end":{"line":54,"column":1}},"line":16},"1":{"name":"(anonymous_1)","decl":{"start":{"line":44,"column":21},"end":{"line":44,"column":22}},"loc":{"start":{"line":44,"column":27},"end":{"line":46,"column":13}},"line":44}},"branchMap":{},"s":{"0":0,"1":0,"2":0,"3":0},"f":{"0":0,"1":0},"b":{}}
,"E:\\Workspace\\Hunet-App\\src\\screens\\AppointmentCreate\\index.js": {"path":"E:\\Workspace\\Hunet-App\\src\\screens\\AppointmentCreate\\index.js","statementMap":{"0":{"start":{"line":14,"column":18},"end":{"line":14,"column":42}},"1":{"start":{"line":16,"column":26},"end":{"line":363,"column":1}},"2":{"start":{"line":17,"column":50},"end":{"line":17,"column":62}},"3":{"start":{"line":18,"column":2},"end":{"line":362,"column":4}}},"fnMap":{"0":{"name":"(anonymous_0)","decl":{"start":{"line":16,"column":26},"end":{"line":16,"column":27}},"loc":{"start":{"line":16,"column":53},"end":{"line":363,"column":1}},"line":16}},"branchMap":{},"s":{"0":0,"1":0,"2":0,"3":0},"f":{"0":0},"b":{}}
,"E:\\Workspace\\Hunet-App\\src\\screens\\AppointmentCreate\\style.js": {"path":"E:\\Workspace\\Hunet-App\\src\\screens\\AppointmentCreate\\style.js","statementMap":{"0":{"start":{"line":15,"column":12},"end":{"line":15,"column":36}},"1":{"start":{"line":16,"column":26},"end":{"line":16,"column":50}},"2":{"start":{"line":18,"column":21},"end":{"line":18,"column":42}},"3":{"start":{"line":20,"column":15},"end":{"line":119,"column":2}}},"fnMap":{},"branchMap":{},"s":{"0":0,"1":0,"2":0,"3":0},"f":{},"b":{}}
,"E:\\Workspace\\Hunet-App\\src\\screens\\AppointmentDetail\\index.js": {"path":"E:\\Workspace\\Hunet-App\\src\\screens\\AppointmentDetail\\index.js","statementMap":{"0":{"start":{"line":18,"column":26},"end":{"line":18,"column":50}},"1":{"start":{"line":19,"column":26},"end":{"line":74,"column":1}},"2":{"start":{"line":20,"column":66},"end":{"line":20,"column":78}},"3":{"start":{"line":22,"column":2},"end":{"line":73,"column":4}},"4":{"start":{"line":75,"column":15},"end":{"line":165,"column":2}}},"fnMap":{"0":{"name":"(anonymous_0)","decl":{"start":{"line":19,"column":26},"end":{"line":19,"column":27}},"loc":{"start":{"line":19,"column":53},"end":{"line":74,"column":1}},"line":19}},"branchMap":{},"s":{"0":0,"1":0,"2":0,"3":0,"4":0},"f":{"0":0},"b":{}}
,"E:\\Workspace\\Hunet-App\\src\\screens\\AppointmentList\\index.js": {"path":"E:\\Workspace\\Hunet-App\\src\\screens\\AppointmentList\\index.js","statementMap":{"0":{"start":{"line":15,"column":18},"end":{"line":15,"column":42}},"1":{"start":{"line":24,"column":16},"end":{"line":52,"column":1}},"2":{"start":{"line":53,"column":25},"end":{"line":73,"column":1}},"3":{"start":{"line":74,"column":24},"end":{"line":211,"column":1}},"4":{"start":{"line":75,"column":30},"end":{"line":75,"column":42}},"5":{"start":{"line":76,"column":28},"end":{"line":76,"column":40}},"6":{"start":{"line":77,"column":28},"end":{"line":77,"column":43}},"7":{"start":{"line":78,"column":26},"end":{"line":78,"column":37}},"8":{"start":{"line":79,"column":34},"end":{"line":79,"column":49}},"9":{"start":{"line":80,"column":38},"end":{"line":80,"column":50}},"10":{"start":{"line":81,"column":34},"end":{"line":81,"column":49}},"11":{"start":{"line":82,"column":55},"end":{"line":84,"column":3}},"12":{"start":{"line":86,"column":2},"end":{"line":96,"column":35}},"13":{"start":{"line":87,"column":21},"end":{"line":92,"column":5}},"14":{"start":{"line":93,"column":4},"end":{"line":95,"column":7}},"15":{"start":{"line":97,"column":2},"end":{"line":210,"column":4}},"16":{"start":{"line":155,"column":12},"end":{"line":155,"column":34}},"17":{"start":{"line":207,"column":19},"end":{"line":207,"column":52}},"18":{"start":{"line":212,"column":15},"end":{"line":221,"column":2}}},"fnMap":{"0":{"name":"(anonymous_0)","decl":{"start":{"line":74,"column":24},"end":{"line":74,"column":25}},"loc":{"start":{"line":74,"column":44},"end":{"line":211,"column":1}},"line":74},"1":{"name":"(anonymous_1)","decl":{"start":{"line":86,"column":12},"end":{"line":86,"column":13}},"loc":{"start":{"line":86,"column":18},"end":{"line":96,"column":3}},"line":86},"2":{"name":"(anonymous_2)","decl":{"start":{"line":154,"column":24},"end":{"line":154,"column":25}},"loc":{"start":{"line":154,"column":36},"end":{"line":156,"column":11}},"line":154},"3":{"name":"(anonymous_3)","decl":{"start":{"line":207,"column":11},"end":{"line":207,"column":12}},"loc":{"start":{"line":207,"column":17},"end":{"line":207,"column":53}},"line":207}},"branchMap":{"0":{"loc":{"start":{"line":150,"column":25},"end":{"line":150,"column":48}},"type":"cond-expr","locations":[{"start":{"line":150,"column":38},"end":{"line":150,"column":44}},{"start":{"line":150,"column":47},"end":{"line":150,"column":48}}],"line":150}},"s":{"0":0,"1":0,"2":0,"3":0,"4":0,"5":0,"6":0,"7":0,"8":0,"9":0,"10":0,"11":0,"12":0,"13":0,"14":0,"15":0,"16":0,"17":0,"18":0},"f":{"0":0,"1":0,"2":0,"3":0},"b":{"0":[0,0]}}
,"E:\\Workspace\\Hunet-App\\src\\screens\\DoctorList\\DoctorCard.js": {"path":"E:\\Workspace\\Hunet-App\\src\\screens\\DoctorList\\DoctorCard.js","statementMap":{"0":{"start":{"line":16,"column":26},"end":{"line":16,"column":50}},"1":{"start":{"line":17,"column":19},"end":{"line":52,"column":1}},"2":{"start":{"line":27,"column":2},"end":{"line":51,"column":4}},"3":{"start":{"line":34,"column":21},"end":{"line":38,"column":39}},"4":{"start":{"line":54,"column":15},"end":{"line":62,"column":2}}},"fnMap":{"0":{"name":"(anonymous_0)","decl":{"start":{"line":17,"column":19},"end":{"line":17,"column":20}},"loc":{"start":{"line":26,"column":6},"end":{"line":52,"column":1}},"line":26},"1":{"name":"(anonymous_1)","decl":{"start":{"line":34,"column":15},"end":{"line":34,"column":16}},"loc":{"start":{"line":34,"column":21},"end":{"line":38,"column":39}},"line":34}},"branchMap":{"0":{"loc":{"start":{"line":25,"column":2},"end":{"line":25,"column":12}},"type":"default-arg","locations":[{"start":{"line":25,"column":10},"end":{"line":25,"column":12}}],"line":25}},"s":{"0":0,"1":0,"2":0,"3":0,"4":0},"f":{"0":0,"1":0},"b":{"0":[0]}}
,"E:\\Workspace\\Hunet-App\\src\\screens\\DoctorList\\index.js": {"path":"E:\\Workspace\\Hunet-App\\src\\screens\\DoctorList\\index.js","statementMap":{"0":{"start":{"line":15,"column":18},"end":{"line":15,"column":42}},"1":{"start":{"line":18,"column":19},"end":{"line":61,"column":1}},"2":{"start":{"line":19,"column":2},"end":{"line":60,"column":4}},"3":{"start":{"line":63,"column":15},"end":{"line":76,"column":2}}},"fnMap":{"0":{"name":"(anonymous_0)","decl":{"start":{"line":18,"column":19},"end":{"line":18,"column":20}},"loc":{"start":{"line":18,"column":39},"end":{"line":61,"column":1}},"line":18}},"branchMap":{},"s":{"0":0,"1":0,"2":0,"3":0},"f":{"0":0},"b":{}}
,"E:\\Workspace\\Hunet-App\\src\\screens\\DoctorList\\style.js": {"path":"E:\\Workspace\\Hunet-App\\src\\screens\\DoctorList\\style.js","statementMap":{"0":{"start":{"line":15,"column":12},"end":{"line":15,"column":36}},"1":{"start":{"line":16,"column":26},"end":{"line":16,"column":50}},"2":{"start":{"line":18,"column":21},"end":{"line":18,"column":42}},"3":{"start":{"line":20,"column":15},"end":{"line":109,"column":2}}},"fnMap":{},"branchMap":{},"s":{"0":0,"1":0,"2":0,"3":0},"f":{},"b":{}}
,"E:\\Workspace\\Hunet-App\\src\\screens\\ExaminationsDetail\\index.js": {"path":"E:\\Workspace\\Hunet-App\\src\\screens\\ExaminationsDetail\\index.js","statementMap":{"0":{"start":{"line":34,"column":24},"end":{"line":60,"column":1}},"1":{"start":{"line":61,"column":26},"end":{"line":61,"column":50}},"2":{"start":{"line":62,"column":27},"end":{"line":274,"column":1}},"3":{"start":{"line":63,"column":17},"end":{"line":63,"column":29}},"4":{"start":{"line":64,"column":46},"end":{"line":64,"column":58}},"5":{"start":{"line":66,"column":36},"end":{"line":66,"column":50}},"6":{"start":{"line":67,"column":32},"end":{"line":67,"column":47}},"7":{"start":{"line":68,"column":30},"end":{"line":68,"column":42}},"8":{"start":{"line":69,"column":35},"end":{"line":71,"column":4}},"9":{"start":{"line":72,"column":23},"end":{"line":72,"column":49}},"10":{"start":{"line":72,"column":29},"end":{"line":72,"column":49}},"11":{"start":{"line":74,"column":2},"end":{"line":81,"column":13}},"12":{"start":{"line":75,"column":4},"end":{"line":80,"column":5}},"13":{"start":{"line":76,"column":16},"end":{"line":76,"column":18}},"14":{"start":{"line":77,"column":6},"end":{"line":77,"column":41}},"15":{"start":{"line":78,"column":6},"end":{"line":78,"column":47}},"16":{"start":{"line":79,"column":6},"end":{"line":79,"column":21}},"17":{"start":{"line":82,"column":25},"end":{"line":85,"column":3}},"18":{"start":{"line":84,"column":4},"end":{"line":84,"column":29}},"19":{"start":{"line":87,"column":22},"end":{"line":90,"column":3}},"20":{"start":{"line":89,"column":4},"end":{"line":89,"column":68}},"21":{"start":{"line":92,"column":2},"end":{"line":273,"column":4}},"22":{"start":{"line":117,"column":14},"end":{"line":117,"column":52}},"23":{"start":{"line":131,"column":20},"end":{"line":146,"column":22}},"24":{"start":{"line":275,"column":15},"end":{"line":355,"column":2}}},"fnMap":{"0":{"name":"(anonymous_0)","decl":{"start":{"line":62,"column":27},"end":{"line":62,"column":28}},"loc":{"start":{"line":62,"column":54},"end":{"line":274,"column":1}},"line":62},"1":{"name":"(anonymous_1)","decl":{"start":{"line":72,"column":23},"end":{"line":72,"column":24}},"loc":{"start":{"line":72,"column":29},"end":{"line":72,"column":49}},"line":72},"2":{"name":"(anonymous_2)","decl":{"start":{"line":74,"column":12},"end":{"line":74,"column":13}},"loc":{"start":{"line":74,"column":18},"end":{"line":81,"column":3}},"line":74},"3":{"name":"(anonymous_3)","decl":{"start":{"line":82,"column":25},"end":{"line":82,"column":26}},"loc":{"start":{"line":82,"column":31},"end":{"line":85,"column":3}},"line":82},"4":{"name":"(anonymous_4)","decl":{"start":{"line":87,"column":22},"end":{"line":87,"column":23}},"loc":{"start":{"line":87,"column":36},"end":{"line":90,"column":3}},"line":87},"5":{"name":"(anonymous_5)","decl":{"start":{"line":116,"column":35},"end":{"line":116,"column":36}},"loc":{"start":{"line":117,"column":14},"end":{"line":117,"column":52}},"line":117},"6":{"name":"(anonymous_6)","decl":{"start":{"line":130,"column":60},"end":{"line":130,"column":61}},"loc":{"start":{"line":130,"column":77},"end":{"line":147,"column":19}},"line":130}},"branchMap":{"0":{"loc":{"start":{"line":75,"column":4},"end":{"line":80,"column":5}},"type":"if","locations":[{"start":{"line":75,"column":4},"end":{"line":80,"column":5}},{"start":{"line":75,"column":4},"end":{"line":80,"column":5}}],"line":75},"1":{"loc":{"start":{"line":89,"column":22},"end":{"line":89,"column":66}},"type":"cond-expr","locations":[{"start":{"line":89,"column":53},"end":{"line":89,"column":55}},{"start":{"line":89,"column":58},"end":{"line":89,"column":66}}],"line":89},"2":{"loc":{"start":{"line":129,"column":11},"end":{"line":150,"column":17}},"type":"cond-expr","locations":[{"start":{"line":130,"column":18},"end":{"line":147,"column":20}},{"start":{"line":149,"column":18},"end":{"line":149,"column":33}}],"line":129},"3":{"loc":{"start":{"line":156,"column":92},"end":{"line":156,"column":123}},"type":"binary-expr","locations":[{"start":{"line":156,"column":92},"end":{"line":156,"column":117}},{"start":{"line":156,"column":121},"end":{"line":156,"column":123}}],"line":156},"4":{"loc":{"start":{"line":158,"column":66},"end":{"line":158,"column":113}},"type":"binary-expr","locations":[{"start":{"line":158,"column":66},"end":{"line":158,"column":99}},{"start":{"line":158,"column":104},"end":{"line":158,"column":113}}],"line":158}},"s":{"0":0,"1":0,"2":0,"3":0,"4":0,"5":0,"6":0,"7":0,"8":0,"9":0,"10":0,"11":0,"12":0,"13":0,"14":0,"15":0,"16":0,"17":0,"18":0,"19":0,"20":0,"21":0,"22":0,"23":0,"24":0},"f":{"0":0,"1":0,"2":0,"3":0,"4":0,"5":0,"6":0},"b":{"0":[0,0],"1":[0,0],"2":[0,0],"3":[0,0],"4":[0,0]}}
,"E:\\Workspace\\Hunet-App\\src\\screens\\ExaminationsList\\index.js": {"path":"E:\\Workspace\\Hunet-App\\src\\screens\\ExaminationsList\\index.js","statementMap":{"0":{"start":{"line":15,"column":18},"end":{"line":15,"column":42}},"1":{"start":{"line":21,"column":25},"end":{"line":41,"column":1}},"2":{"start":{"line":42,"column":25},"end":{"line":174,"column":1}},"3":{"start":{"line":43,"column":30},"end":{"line":43,"column":42}},"4":{"start":{"line":44,"column":28},"end":{"line":44,"column":40}},"5":{"start":{"line":45,"column":28},"end":{"line":45,"column":43}},"6":{"start":{"line":46,"column":26},"end":{"line":46,"column":37}},"7":{"start":{"line":47,"column":32},"end":{"line":47,"column":44}},"8":{"start":{"line":48,"column":34},"end":{"line":48,"column":49}},"9":{"start":{"line":49,"column":38},"end":{"line":49,"column":50}},"10":{"start":{"line":50,"column":34},"end":{"line":50,"column":49}},"11":{"start":{"line":51,"column":46},"end":{"line":55,"column":4}},"12":{"start":{"line":56,"column":2},"end":{"line":68,"column":35}},"13":{"start":{"line":57,"column":21},"end":{"line":62,"column":5}},"14":{"start":{"line":63,"column":4},"end":{"line":67,"column":7}},"15":{"start":{"line":70,"column":2},"end":{"line":74,"column":13}},"16":{"start":{"line":71,"column":4},"end":{"line":73,"column":5}},"17":{"start":{"line":72,"column":6},"end":{"line":72,"column":43}},"18":{"start":{"line":75,"column":2},"end":{"line":173,"column":4}},"19":{"start":{"line":131,"column":12},"end":{"line":131,"column":34}},"20":{"start":{"line":160,"column":12},"end":{"line":168,"column":14}},"21":{"start":{"line":175,"column":15},"end":{"line":188,"column":2}}},"fnMap":{"0":{"name":"(anonymous_0)","decl":{"start":{"line":42,"column":25},"end":{"line":42,"column":26}},"loc":{"start":{"line":42,"column":45},"end":{"line":174,"column":1}},"line":42},"1":{"name":"(anonymous_1)","decl":{"start":{"line":56,"column":12},"end":{"line":56,"column":13}},"loc":{"start":{"line":56,"column":18},"end":{"line":68,"column":3}},"line":56},"2":{"name":"(anonymous_2)","decl":{"start":{"line":70,"column":12},"end":{"line":70,"column":13}},"loc":{"start":{"line":70,"column":18},"end":{"line":74,"column":3}},"line":70},"3":{"name":"(anonymous_3)","decl":{"start":{"line":130,"column":24},"end":{"line":130,"column":25}},"loc":{"start":{"line":130,"column":36},"end":{"line":132,"column":11}},"line":130},"4":{"name":"(anonymous_4)","decl":{"start":{"line":159,"column":23},"end":{"line":159,"column":24}},"loc":{"start":{"line":159,"column":40},"end":{"line":169,"column":11}},"line":159}},"branchMap":{"0":{"loc":{"start":{"line":71,"column":4},"end":{"line":73,"column":5}},"type":"if","locations":[{"start":{"line":71,"column":4},"end":{"line":73,"column":5}},{"start":{"line":71,"column":4},"end":{"line":73,"column":5}}],"line":71},"1":{"loc":{"start":{"line":126,"column":25},"end":{"line":126,"column":48}},"type":"cond-expr","locations":[{"start":{"line":126,"column":38},"end":{"line":126,"column":44}},{"start":{"line":126,"column":47},"end":{"line":126,"column":48}}],"line":126}},"s":{"0":0,"1":0,"2":0,"3":0,"4":0,"5":0,"6":0,"7":0,"8":0,"9":0,"10":0,"11":0,"12":0,"13":0,"14":0,"15":0,"16":0,"17":0,"18":0,"19":0,"20":0,"21":0},"f":{"0":0,"1":0,"2":0,"3":0,"4":0},"b":{"0":[0,0],"1":[0,0]}}
,"E:\\Workspace\\Hunet-App\\src\\screens\\GuideScreen\\index.js": {"path":"E:\\Workspace\\Hunet-App\\src\\screens\\GuideScreen\\index.js","statementMap":{"0":{"start":{"line":18,"column":20},"end":{"line":72,"column":1}},"1":{"start":{"line":19,"column":40},"end":{"line":19,"column":55}},"2":{"start":{"line":21,"column":2},"end":{"line":28,"column":9}},"3":{"start":{"line":22,"column":4},"end":{"line":27,"column":7}},"4":{"start":{"line":23,"column":6},"end":{"line":25,"column":7}},"5":{"start":{"line":24,"column":8},"end":{"line":24,"column":42}},"6":{"start":{"line":26,"column":6},"end":{"line":26,"column":30}},"7":{"start":{"line":30,"column":17},"end":{"line":35,"column":3}},"8":{"start":{"line":31,"column":4},"end":{"line":31,"column":25}},"9":{"start":{"line":32,"column":4},"end":{"line":34,"column":7}},"10":{"start":{"line":33,"column":6},"end":{"line":33,"column":40}},"11":{"start":{"line":36,"column":17},"end":{"line":41,"column":3}},"12":{"start":{"line":37,"column":4},"end":{"line":37,"column":25}},"13":{"start":{"line":38,"column":4},"end":{"line":40,"column":7}},"14":{"start":{"line":39,"column":6},"end":{"line":39,"column":40}},"15":{"start":{"line":43,"column":21},"end":{"line":59,"column":3}},"16":{"start":{"line":44,"column":4},"end":{"line":58,"column":6}},"17":{"start":{"line":61,"column":2},"end":{"line":71,"column":4}},"18":{"start":{"line":76,"column":15},"end":{"line":112,"column":2}},"19":{"start":{"line":114,"column":15},"end":{"line":156,"column":1}}},"fnMap":{"0":{"name":"(anonymous_0)","decl":{"start":{"line":18,"column":20},"end":{"line":18,"column":21}},"loc":{"start":{"line":18,"column":40},"end":{"line":72,"column":1}},"line":18},"1":{"name":"(anonymous_1)","decl":{"start":{"line":21,"column":12},"end":{"line":21,"column":13}},"loc":{"start":{"line":21,"column":18},"end":{"line":28,"column":3}},"line":21},"2":{"name":"(anonymous_2)","decl":{"start":{"line":22,"column":44},"end":{"line":22,"column":45}},"loc":{"start":{"line":22,"column":55},"end":{"line":27,"column":5}},"line":22},"3":{"name":"(anonymous_3)","decl":{"start":{"line":30,"column":17},"end":{"line":30,"column":18}},"loc":{"start":{"line":30,"column":23},"end":{"line":35,"column":3}},"line":30},"4":{"name":"(anonymous_4)","decl":{"start":{"line":32,"column":52},"end":{"line":32,"column":53}},"loc":{"start":{"line":32,"column":58},"end":{"line":34,"column":5}},"line":32},"5":{"name":"(anonymous_5)","decl":{"start":{"line":36,"column":17},"end":{"line":36,"column":18}},"loc":{"start":{"line":36,"column":23},"end":{"line":41,"column":3}},"line":36},"6":{"name":"(anonymous_6)","decl":{"start":{"line":38,"column":52},"end":{"line":38,"column":53}},"loc":{"start":{"line":38,"column":58},"end":{"line":40,"column":5}},"line":38},"7":{"name":"(anonymous_7)","decl":{"start":{"line":43,"column":21},"end":{"line":43,"column":22}},"loc":{"start":{"line":43,"column":35},"end":{"line":59,"column":3}},"line":43}},"branchMap":{"0":{"loc":{"start":{"line":23,"column":6},"end":{"line":25,"column":7}},"type":"if","locations":[{"start":{"line":23,"column":6},"end":{"line":25,"column":7}},{"start":{"line":23,"column":6},"end":{"line":25,"column":7}}],"line":23}},"s":{"0":0,"1":0,"2":0,"3":0,"4":0,"5":0,"6":0,"7":0,"8":0,"9":0,"10":0,"11":0,"12":0,"13":0,"14":0,"15":0,"16":0,"17":0,"18":0,"19":0},"f":{"0":0,"1":0,"2":0,"3":0,"4":0,"5":0,"6":0,"7":0},"b":{"0":[0,0]}}
[...]
end":{"line":80,"column":7}}],"line":77},"1":{"loc":{"start":{"line":84,"column":4},"end":{"line":86,"column":5}},"type":"if","locations":[{"start":{"line":84,"column":4},"end":{"line":86,"column":5}},{"start":{"line":84,"column":4},"end":{"line":86,"column":5}}],"line":84},"2":{"loc":{"start":{"line":89,"column":4},"end":{"line":94,"column":5}},"type":"if","locations":[{"start":{"line":89,"column":4},"end":{"line":94,"column":5}},{"start":{"line":89,"column":4},"end":{"line":94,"column":5}}],"line":89},"3":{"loc":{"start":{"line":95,"column":4},"end":{"line":100,"column":5}},"type":"if","locations":[{"start":{"line":95,"column":4},"end":{"line":100,"column":5}},{"start":{"line":95,"column":4},"end":{"line":100,"column":5}}],"line":95},"4":{"loc":{"start":{"line":101,"column":4},"end":{"line":106,"column":5}},"type":"if","locations":[{"start":{"line":101,"column":4},"end":{"line":106,"column":5}},{"start":{"line":101,"column":4},"end":{"line":106,"column":5}}],"line":101},"5":{"loc":{"start":{"line":107,"column":4},"end":{"line":112,"column":5}},"type":"if","locations":[{"start":{"line":107,"column":4},"end":{"line":112,"column":5}},{"start":{"line":107,"column":4},"end":{"line":112,"column":5}}],"line":107},"6":{"loc":{"start":{"line":113,"column":4},"end":{"line":118,"column":5}},"type":"if","locations":[{"start":{"line":113,"column":4},"end":{"line":118,"column":5}},{"start":{"line":113,"column":4},"end":{"line":118,"column":5}}],"line":113},"7":{"loc":{"start":{"line":119,"column":4},"end":{"line":124,"column":5}},"type":"if","locations":[{"start":{"line":119,"column":4},"end":{"line":124,"column":5}},{"start":{"line":119,"column":4},"end":{"line":124,"column":5}}],"line":119},"8":{"loc":{"start":{"line":454,"column":32},"end":{"line":454,"column":77}},"type":"cond-expr","locations":[{"start":{"line":454,"column":54},"end":{"line":454,"column":63}},{"start":{"line":454,"column":66},"end":{"line":454,"column":77}}],"line":454},"9":{"loc":{"start":{"line":463,"column":32},"end":{"line":463,"column":75}},"type":"cond-expr","locations":[{"start":{"line":463,"column":52},"end":{"line":463,"column":61}},{"start":{"line":463,"column":64},"end":{"line":463,"column":75}}],"line":463}},"s":{"0":0,"1":0,"2":0,"3":0,"4":0,"5":0,"6":0,"7":0,"8":0,"9":0,"10":0,"11":0,"12":0,"13":0,"14":0,"15":0,"16":0,"17":0,"18":0,"19":0,"20":0,"21":0,"22":0,"23":0,"24":0,"25":0,"26":0,"27":0,"28":0,"29":0,"30":0,"31":0,"32":0,"33":0,"34":0,"35":0,"36":0,"37":0,"38":0,"39":0,"40":0,"41":0,"42":0,"43":0,"44":0,"45":0,"46":0,"47":0,"48":0,"49":0,"50":0,"51":0,"52":0,"53":0,"54":0,"55":0,"56":0,"57":0,"58":0,"59":0,"60":0,"61":0,"62":0,"63":0,"64":0,"65":0,"66":0,"67":0,"68":0,"69":0,"70":0,"71":0,"72":0,"73":0,"74":0,"75":0,"76":0,"77":0,"78":0,"79":0,"80":0,"81":0},"f":{"0":0,"1":0,"2":0,"3":0,"4":0,"5":0,"6":0,"7":0,"8":0,"9":0,"10":0,"11":0,"12":0,"13":0,"14":0,"15":0,"16":0,"17":0,"18":0,"19":0,"20":0,"21":0,"22":0},"b":{"0":[0,0],"1":[0,0],"2":[0,0],"3":[0,0],"4":[0,0],"5":[0,0],"6":[0,0],"7":[0,0],"8":[0,0],"9":[0,0]}}
,"E:\\Workspace\\Hunet-App\\src\\screens\\ScanScreen\\ResultScreen.js": {"path":"E:\\Workspace\\Hunet-App\\src\\screens\\ScanScreen\\ResultScreen.js","statementMap":{"0":{"start":{"line":28,"column":26},"end":{"line":40,"column":1}},"1":{"start":{"line":41,"column":17},"end":{"line":53,"column":1}},"2":{"start":{"line":54,"column":26},"end":{"line":54,"column":50}},"3":{"start":{"line":58,"column":25},"end":{"line":58,"column":37}},"4":{"start":{"line":62,"column":6},"end":{"line":62,"column":36}},"5":{"start":{"line":64,"column":17},"end":{"line":64,"column":34}},"6":{"start":{"line":65,"column":30},"end":{"line":65,"column":44}},"7":{"start":{"line":66,"column":42},"end":{"line":66,"column":54}},"8":{"start":{"line":67,"column":40},"end":{"line":67,"column":52}},"9":{"start":{"line":68,"column":32},"end":{"line":68,"column":46}},"10":{"start":{"line":69,"column":32},"end":{"line":69,"column":47}},"11":{"start":{"line":70,"column":32},"end":{"line":70,"column":43}},"12":{"start":{"line":71,"column":30},"end":{"line":71,"column":42}},"13":{"start":{"line":72,"column":36},"end":{"line":72,"column":51}},"14":{"start":{"line":73,"column":2},"end":{"line":77,"column":21}},"15":{"start":{"line":74,"column":4},"end":{"line":76,"column":5}},"16":{"start":{"line":75,"column":6},"end":{"line":75,"column":33}},"17":{"start":{"line":79,"column":2},"end":{"line":150,"column":9}},"18":{"start":{"line":80,"column":17},"end":{"line":145,"column":5}},"19":{"start":{"line":81,"column":6},"end":{"line":81,"column":74}},"20":{"start":{"line":82,"column":6},"end":{"line":82,"column":23}},"21":{"start":{"line":83,"column":23},"end":{"line":85,"column":8}},"22":{"start":{"line":86,"column":20},"end":{"line":86,"column":36}},"23":{"start":{"line":87,"column":23},"end":{"line":87,"column":37}},"24":{"start":{"line":88,"column":6},"end":{"line":92,"column":9}},"25":{"start":{"line":93,"column":6},"end":{"line":144,"column":11}},"26":{"start":{"line":103,"column":24},"end":{"line":103,"column":43}},"27":{"start":{"line":104,"column":26},"end":{"line":104,"column":46}},"28":{"start":{"line":105,"column":33},"end":{"line":105,"column":68}},"29":{"start":{"line":106,"column":10},"end":{"line":106,"column":39}},"30":{"start":{"line":110,"column":10},"end":{"line":110,"column":46}},"31":{"start":{"line":111,"column":10},"end":{"line":111,"column":44}},"32":{"start":{"line":112,"column":10},"end":{"line":112,"column":51}},"33":{"start":{"line":113,"column":20},"end":{"line":113,"column":22}},"34":{"start":{"line":114,"column":10},"end":{"line":114,"column":44}},"35":{"start":{"line":115,"column":10},"end":{"line":115,"column":43}},"36":{"start":{"line":116,"column":10},"end":{"line":116,"column":25}},"37":{"start":{"line":117,"column":33},"end":{"line":125,"column":11}},"38":{"start":{"line":126,"column":10},"end":{"line":129,"column":12}},"39":{"start":{"line":130,"column":10},"end":{"line":132,"column":13}},"40":{"start":{"line":133,"column":10},"end":{"line":137,"column":11}},"41":{"start":{"line":134,"column":12},"end":{"line":134,"column":31}},"42":{"start":{"line":136,"column":12},"end":{"line":136,"column":32}},"43":{"start":{"line":138,"column":10},"end":{"line":138,"column":28}},"44":{"start":{"line":142,"column":10},"end":{"line":142,"column":28}},"45":{"start":{"line":143,"column":10},"end":{"line":143,"column":51}},"46":{"start":{"line":146,"column":4},"end":{"line":146,"column":11}},"47":{"start":{"line":147,"column":4},"end":{"line":149,"column":6}},"48":{"start":{"line":148,"column":6},"end":{"line":148,"column":77}},"49":{"start":{"line":151,"column":27},"end":{"line":154,"column":3}},"50":{"start":{"line":152,"column":4},"end":{"line":152,"column":76}},"51":{"start":{"line":153,"column":4},"end":{"line":153,"column":16}},"52":{"start":{"line":156,"column":2},"end":{"line":249,"column":4}},"53":{"start":{"line":181,"column":12},"end":{"line":181,"column":50}},"54":{"start":{"line":202,"column":28},"end":{"line":202,"column":46}},"55":{"start":{"line":203,"column":14},"end":{"line":210,"column":16}},"56":{"start":{"line":226,"column":14},"end":{"line":231,"column":16}},"57":{"start":{"line":240,"column":27},"end":{"line":240,"column":60}},"58":{"start":{"line":253,"column":15},"end":{"line":346,"column":2}}},"fnMap":{"0":{"name":"ResultScreen","decl":{"start":{"line":57,"column":9},"end":{"line":57,"column":21}},"loc":{"start":{"line":57,"column":45},"end":{"line":250,"column":1}},"line":57},"1":{"name":"(anonymous_1)","decl":{"start":{"line":73,"column":12},"end":{"line":73,"column":13}},"loc":{"start":{"line":73,"column":18},"end":{"line":77,"column":3}},"line":73},"2":{"name":"(anonymous_2)","decl":{"start":{"line":79,"column":12},"end":{"line":79,"column":13}},"loc":{"start":{"line":79,"column":18},"end":{"line":150,"column":3}},"line":79},"3":{"name":"(anonymous_3)","decl":{"start":{"line":80,"column":17},"end":{"line":80,"column":18}},"loc":{"start":{"line":80,"column":29},"end":{"line":145,"column":5}},"line":80},"4":{"name":"(anonymous_4)","decl":{"start":{"line":102,"column":26},"end":{"line":102,"column":27}},"loc":{"start":{"line":102,"column":51},"end":{"line":107,"column":9}},"line":102},"5":{"name":"(anonymous_5)","decl":{"start":{"line":109,"column":14},"end":{"line":109,"column":15}},"loc":{"start":{"line":109,"column":34},"end":{"line":140,"column":9}},"line":109},"6":{"name":"(anonymous_6)","decl":{"start":{"line":141,"column":15},"end":{"line":141,"column":16}},"loc":{"start":{"line":141,"column":32},"end":{"line":144,"column":9}},"line":141},"7":{"name":"cleanup","decl":{"start":{"line":147,"column":20},"end":{"line":147,"column":27}},"loc":{"start":{"line":147,"column":30},"end":{"line":149,"column":5}},"line":147},"8":{"name":"(anonymous_8)","decl":{"start":{"line":151,"column":27},"end":{"line":151,"column":28}},"loc":{"start":{"line":151,"column":33},"end":{"line":154,"column":3}},"line":151},"9":{"name":"(anonymous_9)","decl":{"start":{"line":180,"column":33},"end":{"line":180,"column":34}},"loc":{"start":{"line":181,"column":12},"end":{"line":181,"column":50}},"line":181},"10":{"name":"(anonymous_10)","decl":{"start":{"line":201,"column":37},"end":{"line":201,"column":38}},"loc":{"start":{"line":201,"column":53},"end":{"line":211,"column":13}},"line":201},"11":{"name":"(anonymous_11)","decl":{"start":{"line":225,"column":21},"end":{"line":225,"column":22}},"loc":{"start":{"line":225,"column":27},"end":{"line":232,"column":13}},"line":225},"12":{"name":"(anonymous_12)","decl":{"start":{"line":240,"column":21},"end":{"line":240,"column":22}},"loc":{"start":{"line":240,"column":27},"end":{"line":240,"column":60}},"line":240}},"branchMap":{"0":{"loc":{"start":{"line":74,"column":4},"end":{"line":76,"column":5}},"type":"if","locations":[{"start":{"line":74,"column":4},"end":{"line":76,"column":5}},{"start":{"line":74,"column":4},"end":{"line":76,"column":5}}],"line":74},"1":{"loc":{"start":{"line":133,"column":10},"end":{"line":137,"column":11}},"type":"if","locations":[{"start":{"line":133,"column":10},"end":{"line":137,"column":11}},{"start":{"line":133,"column":10},"end":{"line":137,"column":11}}],"line":133},"2":{"loc":{"start":{"line":168,"column":7},"end":{"line":190,"column":7}},"type":"cond-expr","locations":[{"start":{"line":176,"column":8},"end":{"line":183,"column":10}},{"start":{"line":185,"column":8},"end":{"line":189,"column":10}}],"line":168},"3":{"loc":{"start":{"line":200,"column":11},"end":{"line":214,"column":11}},"type":"cond-expr","locations":[{"start":{"line":201,"column":12},"end":{"line":211,"column":14}},{"start":{"line":213,"column":12},"end":{"line":213,"column":27}}],"line":200},"4":{"loc":{"start":{"line":216,"column":9},"end":{"line":221,"column":9}},"type":"binary-expr","locations":[{"start":{"line":216,"column":9},"end":{"line":216,"column":16}},{"start":{"line":217,"column":10},"end":{"line":220,"column":18}}],"line":216},"5":{"loc":{"start":{"line":219,"column":25},"end":{"line":219,"column":91}},"type":"cond-expr","locations":[{"start":{"line":219,"column":37},"end":{"line":219,"column":61}},{"start":{"line":219,"column":64},"end":{"line":219,"column":91}}],"line":219}},"s":{"0":0,"1":0,"2":0,"3":0,"4":0,"5":0,"6":0,"7":0,"8":0,"9":0,"10":0,"11":0,"12":0,"13":0,"14":0,"15":0,"16":0,"17":0,"18":0,"19":0,"20":0,"21":0,"22":0,"23":0,"24":0,"25":0,"26":0,"27":0,"28":0,"29":0,"30":0,"31":0,"32":0,"33":0,"34":0,"35":0,"36":0,"37":0,"38":0,"39":0,"40":0,"41":0,"42":0,"43":0,"44":0,"45":0,"46":0,"47":0,"48":0,"49":0,"50":0,"51":0,"52":0,"53":0,"54":0,"55":0,"56":0,"57":0,"58":0},"f":{"0":0,"1":0,"2":0,"3":0,"4":0,"5":0,"6":0,"7":0,"8":0,"9":0,"10":0,"11":0,"12":0},"b":{"0":[0,0],"1":[0,0],"2":[0,0],"3":[0,0],"4":[0,0],"5":[0,0]}}
,"E:\\Workspace\\Hunet-App\\src\\screens\\ScanScreen\\index.js": {"path":"E:\\Workspace\\Hunet-App\\src\\screens\\ScanScreen\\index.js","statementMap":{"0":{"start":{"line":28,"column":26},"end":{"line":28,"column":50}},"1":{"start":{"line":35,"column":44},"end":{"line":35,"column":58}},"2":{"start":{"line":36,"column":26},"end":{"line":36,"column":62}},"3":{"start":{"line":37,"column":32},"end":{"line":37,"column":47}},"4":{"start":{"line":38,"column":26},"end":{"line":38,"column":37}},"5":{"start":{"line":39,"column":20},"end":{"line":39,"column":32}},"6":{"start":{"line":40,"column":20},"end":{"line":40,"column":34}},"7":{"start":{"line":41,"column":30},"end":{"line":41,"column":45}},"8":{"start":{"line":42,"column":32},"end":{"line":42,"column":50}},"9":{"start":{"line":43,"column":28},"end":{"line":43,"column":42}},"10":{"start":{"line":44,"column":2},"end":{"line":56,"column":9}},"11":{"start":{"line":45,"column":4},"end":{"line":55,"column":9}},"12":{"start":{"line":46,"column":6},"end":{"line":54,"column":7}},"13":{"start":{"line":49,"column":12},"end":{"line":49,"column":67}},"14":{"start":{"line":50,"column":8},"end":{"line":50,"column":47}},"15":{"start":{"line":51,"column":8},"end":{"line":53,"column":9}},"16":{"start":{"line":52,"column":10},"end":{"line":52,"column":77}},"17":{"start":{"line":58,"column":21},"end":{"line":75,"column":3}},"18":{"start":{"line":59,"column":17},"end":{"line":64,"column":6}},"19":{"start":{"line":65,"column":4},"end":{"line":74,"column":5}},"20":{"start":{"line":66,"column":6},"end":{"line":66,"column":25}},"21":{"start":{"line":67,"column":6},"end":{"line":67,"column":27}},"22":{"start":{"line":68,"column":6},"end":{"line":68,"column":31}},"23":{"start":{"line":69,"column":6},"end":{"line":69,"column":32}},"24":{"start":{"line":70,"column":6},"end":{"line":70,"column":24}},"25":{"start":{"line":71,"column":6},"end":{"line":71,"column":26}},"26":{"start":{"line":72,"column":6},"end":{"line":72,"column":22}},"27":{"start":{"line":73,"column":6},"end":{"line":73,"column":23}},"28":{"start":{"line":77,"column":2},"end":{"line":79,"column":3}},"29":{"start":{"line":78,"column":4},"end":{"line":78,"column":20}},"30":{"start":{"line":80,"column":2},"end":{"line":82,"column":3}},"31":{"start":{"line":81,"column":4},"end":{"line":81,"column":44}},"32":{"start":{"line":84,"column":2},"end":{"line":150,"column":4}},"33":{"start":{"line":114,"column":36},"end":{"line":114,"column":54}},"34":{"start":{"line":122,"column":14},"end":{"line":122,"column":31}},"35":{"start":{"line":123,"column":14},"end":{"line":123,"column":27}},"36":{"start":{"line":136,"column":16},"end":{"line":141,"column":19}}},"fnMap":{"0":{"name":"ScanScreen","decl":{"start":{"line":34,"column":24},"end":{"line":34,"column":34}},"loc":{"start":{"line":34,"column":58},"end":{"line":151,"column":1}},"line":34},"1":{"name":"(anonymous_1)","decl":{"start":{"line":44,"column":12},"end":{"line":44,"column":13}},"loc":{"start":{"line":44,"column":18},"end":{"line":56,"column":3}},"line":44},"2":{"name":"(anonymous_2)","decl":{"start":{"line":45,"column":5},"end":{"line":45,"column":6}},"loc":{"start":{"line":45,"column":17},"end":{"line":55,"column":5}},"line":45},"3":{"name":"(anonymous_3)","decl":{"start":{"line":58,"column":21},"end":{"line":58,"column":22}},"loc":{"start":{"line":58,"column":33},"end":{"line":75,"column":3}},"line":58},"4":{"name":"(anonymous_4)","decl":{"start":{"line":114,"column":26},"end":{"line":114,"column":27}},"loc":{"start":{"line":114,"column":36},"end":{"line":114,"column":54}},"line":114},"5":{"name":"(anonymous_5)","decl":{"start":{"line":121,"column":21},"end":{"line":121,"column":22}},"loc":{"start":{"line":121,"column":27},"end":{"line":124,"column":13}},"line":121},"6":{"name":"(anonymous_6)","decl":{"start":{"line":135,"column":23},"end":{"line":135,"column":24}},"loc":{"start":{"line":135,"column":29},"end":{"line":142,"column":15}},"line":135}},"branchMap":{"0":{"loc":{"start":{"line":46,"column":6},"end":{"line":54,"column":7}},"type":"if","locations":[{"start":{"line":46,"column":6},"end":{"line":54,"column":7}},{"start":{"line":46,"column":6},"end":{"line":54,"column":7}}],"line":46},"1":{"loc":{"start":{"line":51,"column":8},"end":{"line":53,"column":9}},"type":"if","locations":[{"start":{"line":51,"column":8},"end":{"line":53,"column":9}},{"start":{"line":51,"column":8},"end":{"line":53,"column":9}}],"line":51},"2":{"loc":{"start":{"line":65,"column":4},"end":{"line":74,"column":5}},"type":"if","locations":[{"start":{"line":65,"column":4},"end":{"line":74,"column":5}},{"start":{"line":65,"column":4},"end":{"line":74,"column":5}}],"line":65},"3":{"loc":{"start":{"line":77,"column":2},"end":{"line":79,"column":3}},"type":"if","locations":[{"start":{"line":77,"column":2},"end":{"line":79,"column":3}},{"start":{"line":77,"column":2},"end":{"line":79,"column":3}}],"line":77},"4":{"loc":{"start":{"line":80,"column":2},"end":{"line":82,"column":3}},"type":"if","locations":[{"start":{"line":80,"column":2},"end":{"line":82,"column":3}},{"start":{"line":80,"column":2},"end":{"line":82,"column":3}}],"line":80},"5":{"loc":{"start":{"line":126,"column":13},"end":{"line":130,"column":13}},"type":"cond-expr","locations":[{"start":{"line":127,"column":14},"end":{"line":127,"column":66}},{"start":{"line":129,"column":14},"end":{"line":129,"column":70}}],"line":126},"6":{"loc":{"start":{"line":132,"column":11},"end":{"line":146,"column":11}},"type":"binary-expr","locations":[{"start":{"line":132,"column":11},"end":{"line":132,"column":16}},{"start":{"line":133,"column":12},"end":{"line":145,"column":21}}],"line":132}},"s":{"0":0,"1":0,"2":0,"3":0,"4":0,"5":0,"6":0,"7":0,"8":0,"9":0,"10":0,"11":0,"12":0,"13":0,"14":0,"15":0,"16":0,"17":0,"18":0,"19":0,"20":0,"21":0,"22":0,"23":0,"24":0,"25":0,"26":0,"27":0,"28":0,"29":0,"30":0,"31":0,"32":0,"33":0,"34":0,"35":0,"36":0},"f":{"0":0,"1":0,"2":0,"3":0,"4":0,"5":0,"6":0},"b":{"0":[0,0],"1":[0,0],"2":[0,0],"3":[0,0],"4":[0,0],"5":[0,0],"6":[0,0]}}
,"E:\\Workspace\\Hunet-App\\src\\screens\\ScanScreen\\style.js": {"path":"E:\\Workspace\\Hunet-App\\src\\screens\\ScanScreen\\style.js","statementMap":{"0":{"start":{"line":17,"column":12},"end":{"line":17,"column":36}},"1":{"start":{"line":18,"column":26},"end":{"line":18,"column":50}},"2":{"start":{"line":20,"column":21},"end":{"line":20,"column":42}},"3":{"start":{"line":22,"column":15},"end":{"line":114,"column":2}}},"fnMap":{},"branchMap":{},"s":{"0":0,"1":0,"2":0,"3":0},"f":{},"b":{}}
,"E:\\Workspace\\Hunet-App\\src\\screens\\SplashScreen\\index.js": {"path":"E:\\Workspace\\Hunet-App\\src\\screens\\SplashScreen\\index.js","statementMap":{"0":{"start":{"line":4,"column":21},"end":{"line":34,"column":1}},"1":{"start":{"line":5,"column":2},"end":{"line":15,"column":5}},"2":{"start":{"line":7,"column":20},"end":{"line":7,"column":36}},"3":{"start":{"line":8,"column":6},"end":{"line":12,"column":7}},"4":{"start":{"line":9,"column":8},"end":{"line":9,"column":36}},"5":{"start":{"line":11,"column":8},"end":{"line":11,"column":36}},"6":{"start":{"line":14,"column":4},"end":{"line":14,"column":11}},"7":{"start":{"line":16,"column":21},"end":{"line":23,"column":3}},"8":{"start":{"line":24,"column":21},"end":{"line":28,"column":3}},"9":{"start":{"line":29,"column":2},"end":{"line":33,"column":4}}},"fnMap":{"0":{"name":"(anonymous_0)","decl":{"start":{"line":4,"column":21},"end":{"line":4,"column":22}},"loc":{"start":{"line":4,"column":41},"end":{"line":34,"column":1}},"line":4},"1":{"name":"(anonymous_1)","decl":{"start":{"line":5,"column":12},"end":{"line":5,"column":13}},"loc":{"start":{"line":5,"column":18},"end":{"line":15,"column":3}},"line":5},"2":{"name":"init","decl":{"start":{"line":6,"column":19},"end":{"line":6,"column":23}},"loc":{"start":{"line":6,"column":26},"end":{"line":13,"column":5}},"line":6}},"branchMap":{"0":{"loc":{"start":{"line":8,"column":6},"end":{"line":12,"column":7}},"type":"if","locations":[{"start":{"line":8,"column":6},"end":{"line":12,"column":7}},{"start":{"line":8,"column":6},"end":{"line":12,"column":7}}],"line":8}},"s":{"0":0,"1":0,"2":0,"3":0,"4":0,"5":0,"6":0,"7":0,"8":0,"9":0},"f":{"0":0,"1":0,"2":0},"b":{"0":[0,0]}}
}
